2019-02-13 14:29:12,889 INFO main [com.lzz.driver.SeleniumDrive]info(line:34)打开网站https://www.baidu.com/
2019-02-13 14:29:13,072 INFO main [com.lzz.driver.SeleniumDrive]info(line:34)输入文本：测试
2019-02-13 14:29:13,185 INFO main [com.lzz.driver.SeleniumDrive]info(line:34)点击By.id: su
2019-02-13 15:33:24,761 INFO main [com.lzz.actions.Actions]info(line:34)75659.86124414696
2019-02-13 15:35:19,851 INFO main [com.lzz.actions.Actions]info(line:34)随机数为0.0
2019-02-13 15:36:14,908 INFO main [com.lzz.actions.Actions]info(line:34)随机数为38473
2019-02-13 16:30:42,968 INFO main [com.lzz.actions.Actions]info(line:34)随机数为16
2019-02-13 16:46:45,668 INFO main [com.lzz.actions.Actions]info(line:34)随机数为38p1R
2019-02-13 17:01:09,656 INFO main [com.lzz.actions.Actions]info(line:34)随机数为I86i2
2019-02-13 17:01:20,571 INFO main [com.lzz.actions.Actions]info(line:34)当前时间为：19-2-13 下午5:01
2019-02-18 11:44:28,404 INFO main [com.lzz.driver.SeleniumDrive]info(line:34)打开网站https://www.baidu.com/
2019-02-18 11:45:16,285 INFO main [com.lzz.driver.SeleniumDrive]info(line:34)打开网站https://www.baidu.com/
2019-02-18 11:45:16,600 INFO main [com.lzz.driver.SeleniumDrive]info(line:34)new folder successful
2019-02-18 11:52:26,166 INFO main [com.lzz.driver.SeleniumDrive]info(line:34)打开网站https://www.baidu.com/
2019-02-18 11:52:26,477 INFO main [com.lzz.driver.SeleniumDrive]info(line:34)new folder successful
2019-02-18 12:00:15,224 INFO main [com.lzz.driver.SeleniumDrive]info(line:34)打开网站https://www.baidu.com/
2019-02-18 12:00:15,542 INFO main [com.lzz.driver.SeleniumDrive]info(line:34)当前时间为：19-2-18 下午12:00
2019-02-18 12:00:15,542 INFO main [com.lzz.driver.SeleniumDrive]info(line:34)new folder successful
2019-02-18 12:00:15,543 INFO main [com.lzz.driver.SeleniumDrive]info(line:34)当前时间为：19-2-18 下午12:00
2019-02-18 12:00:15,549 ERROR main [com.lzz.driver.SeleniumDrive]error(line:46)截图失败！！
2019-02-18 12:32:35,521 INFO main [com.lzz.driver.SeleniumDrive]info(line:34)打开网站https://www.baidu.com/
2019-02-18 12:32:35,847 INFO main [com.lzz.driver.SeleniumDrive]info(line:34)当前时间为：19-2-18 下午12:32
2019-02-18 12:32:35,848 INFO main [com.lzz.driver.SeleniumDrive]info(line:34)new folder successful
2019-02-18 12:32:35,853 ERROR main [com.lzz.driver.SeleniumDrive]error(line:46)截图失败！！
2019-02-18 12:34:22,285 INFO main [com.lzz.driver.SeleniumDrive]info(line:34)打开网站https://www.baidu.com/
2019-02-18 12:34:22,605 INFO main [com.lzz.driver.SeleniumDrive]info(line:34)当前时间为：19-2-18 下午12:34
2019-02-18 12:34:22,605 INFO main [com.lzz.driver.SeleniumDrive]info(line:34)new folder successful
2019-02-18 12:34:22,611 ERROR main [com.lzz.driver.SeleniumDrive]error(line:46)截图失败！！
2019-02-18 13:18:30,269 INFO main [com.lzz.driver.SeleniumDrive]info(line:34)打开网站https://www.baidu.com/
2019-02-18 13:18:30,596 INFO main [com.lzz.driver.SeleniumDrive]info(line:34)当前时间为：19-2-18 下午1:18
2019-02-18 13:18:30,597 INFO main [com.lzz.driver.SeleniumDrive]info(line:34)new folder successful
2019-02-18 13:18:30,604 ERROR main [com.lzz.driver.SeleniumDrive]error(line:46)截图失败！！
2019-02-18 13:20:57,860 INFO main [com.lzz.driver.SeleniumDrive]info(line:34)打开网站https://www.baidu.com/
2019-02-18 13:20:58,299 INFO main [com.lzz.driver.SeleniumDrive]info(line:34)当前时间为：19-2-18 下午1:20
2019-02-18 13:20:58,300 INFO main [com.lzz.driver.SeleniumDrive]info(line:34)new folder successful
2019-02-18 13:20:58,307 ERROR main [com.lzz.driver.SeleniumDrive]error(line:46)截图失败！！
2019-02-18 13:22:58,977 INFO main [com.lzz.driver.SeleniumDrive]info(line:34)打开网站https://www.baidu.com/
2019-02-18 13:22:59,683 INFO main [com.lzz.driver.SeleniumDrive]info(line:34)new folder successful
2019-02-18 13:28:50,304 INFO main [com.lzz.driver.SeleniumDrive]info(line:34)打开网站https://www.baidu.com/
2019-02-18 13:28:50,701 INFO main [com.lzz.driver.SeleniumDrive]info(line:34)当前时间为：19-2-18 下午1:28
2019-02-18 13:28:50,702 INFO main [com.lzz.driver.SeleniumDrive]info(line:34)new folder successful
2019-02-18 13:28:50,743 ERROR main [com.lzz.driver.SeleniumDrive]error(line:46)截图失败！！
2019-02-18 16:02:39,371 INFO main [com.lzz.driver.SeleniumDrive]info(line:34)打开网站https://www.baidu.com/
2019-02-18 16:23:14,593 INFO main [com.lzz.driver.SeleniumDrive]info(line:34)打开网站https://www.baidu.com/
2019-02-18 16:23:15,601 INFO main [com.lzz.testng.TestResultListener]onTestSuccess(line:42)getText Success
2019-02-18 16:23:15,603 INFO main [com.lzz.testng.TestResultListener]onFinish(line:60)PassedTests = getText
2019-02-18 16:25:01,076 INFO main [com.lzz.driver.SeleniumDrive]info(line:34)打开网站https://www.baidu.com/
2019-02-18 16:25:11,343 INFO main [com.lzz.testng.TestngRetry]retry(line:33)Retry for [getText] on class [com.lzz.actions.actionsTest] Retry 1 times
2019-02-18 16:25:11,634 INFO main [com.lzz.driver.SeleniumDrive]info(line:34)new folder successful
2019-02-18 16:25:11,650 INFO main [com.lzz.testng.TestResultListener]onTestSkipped(line:36)getText Skipped
2019-02-18 16:25:11,651 INFO main [com.lzz.testng.TestResultListener]onTestStart(line:48)getText Start
2019-02-18 16:25:14,487 INFO main [com.lzz.driver.SeleniumDrive]info(line:34)打开网站https://www.baidu.com/
2019-02-18 16:25:24,733 INFO main [com.lzz.testng.TestngRetry]retry(line:33)Retry for [getText] on class [com.lzz.actions.actionsTest] Retry 2 times
2019-02-18 16:25:25,006 INFO main [com.lzz.driver.SeleniumDrive]info(line:34)new folder successful
2019-02-18 16:25:25,008 INFO main [com.lzz.testng.TestResultListener]onTestSkipped(line:36)getText Skipped
2019-02-18 16:25:25,008 INFO main [com.lzz.testng.TestResultListener]onTestStart(line:48)getText Start
2019-02-18 16:25:27,785 INFO main [com.lzz.driver.SeleniumDrive]info(line:34)打开网站https://www.baidu.com/
2019-02-18 16:25:38,355 INFO main [com.lzz.driver.SeleniumDrive]info(line:34)new folder successful
2019-02-18 16:25:38,356 INFO main [com.lzz.testng.TestResultListener]onTestFailure(line:29)getText Failure
2019-02-18 16:25:38,358 INFO main [com.lzz.testng.TestResultListener]onFinish(line:67)skipTest = getText
2019-02-18 16:25:38,358 INFO main [com.lzz.testng.TestResultListener]onFinish(line:67)skipTest = getText
2019-02-18 16:25:38,358 INFO main [com.lzz.testng.TestResultListener]onFinish(line:81)failedTest = getText
2019-02-18 16:25:38,359 INFO main [com.lzz.testng.TestResultListener]onFinish(line:104)Remove repeat Fail Test: getText
2020-05-06 14:44:20,201 INFO main [com.lzz.testng.TestResultListener]onTestSuccess(line:42)findTest Success
2020-05-06 14:44:20,208 INFO main [com.lzz.testng.TestResultListener]onFinish(line:60)PassedTests = findTest
2020-05-06 16:40:33,504 INFO main [util.driver.SeleniumDrive]info(line:34)输入文本：测试
2020-05-06 17:21:59,453 INFO main [util.driver.SeleniumDrive]info(line:34)输入文本：测试
2020-05-06 17:30:02,913 INFO main [util.driver.SeleniumDrive]info(line:34)输入文本：测试
2020-09-24 15:53:01,289 INFO main [util.driver.SeleniumDrive]info(line:34)输入文本：测试
2020-09-24 15:54:14,552 INFO main [util.driver.SeleniumDrive]info(line:34)输入文本：测试
2020-09-24 16:07:02,419 INFO main [util.driver.SeleniumDrive]info(line:34)输入文本：superAdmin
2020-09-24 16:07:02,509 INFO main [util.driver.SeleniumDrive]info(line:34)输入文本：123456
2020-09-24 16:08:18,534 INFO main [util.driver.SeleniumDrive]info(line:34)输入文本：superAdmin
2020-09-24 16:08:18,627 INFO main [util.driver.SeleniumDrive]info(line:34)输入文本：123456
2020-09-24 16:08:18,682 INFO main [util.driver.SeleniumDrive]info(line:34)点击By.xpath: //*[@id="app"]/div/div/div[3]/form/div[3]/div/button
2020-09-24 16:08:53,206 INFO main [util.driver.SeleniumDrive]info(line:34)输入文本：superAdmin
2020-09-24 16:08:53,298 INFO main [util.driver.SeleniumDrive]info(line:34)输入文本：123456
2020-09-24 16:08:53,349 INFO main [util.driver.SeleniumDrive]info(line:34)点击By.xpath: //*[@id="app"]/div/div/div[3]/form/div[3]/div/button
2020-09-24 16:08:54,412 INFO main [util.driver.SeleniumDrive]info(line:34)点击By.xpath: //*[@id="app"]/div/div[1]/div[2]/ul/li[3]/div/span
2020-09-24 16:10:31,812 INFO main [util.driver.SeleniumDrive]info(line:34)输入文本：superAdmin
2020-09-24 16:10:31,903 INFO main [util.driver.SeleniumDrive]info(line:34)输入文本：123456
2020-09-24 16:10:31,950 INFO main [util.driver.SeleniumDrive]info(line:34)点击By.xpath: //*[@id="app"]/div/div/div[3]/form/div[3]/div/button
2020-09-24 16:10:33,028 INFO main [util.driver.SeleniumDrive]info(line:34)点击By.xpath: //*[@id="app"]/div/div[1]/div[2]/ul/li[3]/div/span
2020-09-24 16:11:24,132 INFO main [util.driver.SeleniumDrive]info(line:34)输入文本：superAdmin
2020-09-24 16:11:24,225 INFO main [util.driver.SeleniumDrive]info(line:34)输入文本：123456
2020-09-24 16:11:24,273 INFO main [util.driver.SeleniumDrive]info(line:34)点击By.xpath: //*[@id="app"]/div/div/div[3]/form/div[3]/div/button
2020-09-24 16:11:25,340 INFO main [util.driver.SeleniumDrive]info(line:34)点击By.xpath: //*[@id="app"]/div/div[1]/div[2]/ul/li[3]/div/span
2020-09-24 16:12:02,418 INFO main [util.driver.SeleniumDrive]info(line:34)输入文本：superAdmin
2020-09-24 16:12:02,524 INFO main [util.driver.SeleniumDrive]info(line:34)输入文本：123456
2020-09-24 16:12:02,571 INFO main [util.driver.SeleniumDrive]info(line:34)点击By.xpath: //*[@id="app"]/div/div/div[3]/form/div[3]/div/button
2020-09-24 16:12:03,634 INFO main [util.driver.SeleniumDrive]info(line:34)点击By.xpath: //*[@id="app"]/div/div[1]/div[2]/ul/li[3]/div/span
2020-09-24 16:20:18,604 INFO main [util.driver.SeleniumDrive]info(line:34)输入文本：superAdmin
2020-09-24 16:20:18,695 INFO main [util.driver.SeleniumDrive]info(line:34)输入文本：123456
2020-09-24 16:20:18,748 INFO main [util.driver.SeleniumDrive]info(line:34)点击By.xpath: //*[@id="app"]/div/div/div[3]/form/div[3]/div/button
2020-09-24 16:20:19,817 INFO main [util.driver.SeleniumDrive]info(line:34)点击By.xpath: //*[@id="app"]/div/div[1]/div[2]/ul/li[3]/div/span
2020-09-24 16:21:24,710 INFO main [util.driver.SeleniumDrive]info(line:34)输入文本：superAdmin
2020-09-24 16:21:24,812 INFO main [util.driver.SeleniumDrive]info(line:34)输入文本：123456
2020-09-24 16:21:24,860 INFO main [util.driver.SeleniumDrive]info(line:34)点击By.xpath: //*[@id="app"]/div/div/div[3]/form/div[3]/div/button
2020-09-24 16:21:25,939 INFO main [util.driver.SeleniumDrive]info(line:34)点击By.xpath: //*[@id="app"]/div/div[1]/div[2]/ul/li[3]/div/span
2020-09-24 16:21:26,619 INFO main [util.driver.SeleniumDrive]info(line:34)点击By.xpath: html[1]/body[1]/div[2]/ul[1]/li[11]
2020-09-24 16:22:51,090 INFO main [util.driver.SeleniumDrive]info(line:34)输入文本：superAdmin
2020-09-24 16:22:51,182 INFO main [util.driver.SeleniumDrive]info(line:34)输入文本：123456
2020-09-24 16:22:51,231 INFO main [util.driver.SeleniumDrive]info(line:34)点击By.xpath: //*[@id="app"]/div/div/div[3]/form/div[3]/div/button
2020-09-24 16:22:52,307 INFO main [util.driver.SeleniumDrive]info(line:34)点击By.xpath: //*[@id="app"]/div/div[1]/div[2]/ul/li[3]/div/span
2020-09-24 16:22:52,872 INFO main [util.driver.SeleniumDrive]info(line:34)点击By.xpath: html[1]/body[1]/div[2]/ul[1]/li[11]
2020-09-24 16:22:53,504 INFO main [util.driver.SeleniumDrive]info(line:34)点击By.xpath: //*[@id="app"]/div/div[2]/div[2]/div[2]/div[1]/div[3]/table/tbody/tr[7]/td[9]/div/div/div[2]
2020-09-24 16:22:54,121 INFO main [util.driver.SeleniumDrive]info(line:34)点击By.xpath: //*[@id="app"]/div/div[2]/div[2]/div[2]/div[2]/form/div[2]/div/button
2020-09-24 16:29:10,301 INFO main [util.driver.SeleniumDrive]info(line:34)输入文本：superAdmin
2020-09-24 16:29:10,394 INFO main [util.driver.SeleniumDrive]info(line:34)输入文本：123456
2020-09-24 16:29:10,449 INFO main [util.driver.SeleniumDrive]info(line:34)点击By.xpath: //*[@id="app"]/div/div/div[3]/form/div[3]/div/button
2020-09-24 16:29:11,511 INFO main [util.driver.SeleniumDrive]info(line:34)点击By.xpath: //*[@id="app"]/div/div[1]/div[2]/ul/li[3]/div/span
2020-09-24 16:29:12,074 INFO main [util.driver.SeleniumDrive]info(line:34)点击By.xpath: html[1]/body[1]/div[2]/ul[1]/li[11]
2020-09-24 16:29:12,645 INFO main [util.driver.SeleniumDrive]info(line:34)点击By.xpath: //*[@id="app"]/div/div[2]/div[2]/div[2]/div[1]/div[3]/table/tbody/tr[7]/td[9]/div/div/div[2]
2020-09-24 16:29:13,251 INFO main [util.driver.SeleniumDrive]info(line:34)点击By.xpath: //*[@id="app"]/div/div[2]/div[2]/div[2]/div[2]/form/div[2]/div/button
2020-09-24 16:29:13,812 INFO main [util.driver.SeleniumDrive]info(line:34)点击By.xpath: //*[@id="app"]/div/div[2]/div[2]/div[2]/div[2]/div[2]/div[2]/div[2]/div[2]/div[1]/div
2020-09-24 16:30:28,979 INFO main [util.driver.SeleniumDrive]info(line:34)输入文本：superAdmin
2020-09-24 16:30:29,087 INFO main [util.driver.SeleniumDrive]info(line:34)输入文本：123456
2020-09-24 16:30:29,139 INFO main [util.driver.SeleniumDrive]info(line:34)点击By.xpath: //*[@id="app"]/div/div/div[3]/form/div[3]/div/button
2020-09-24 16:30:30,203 INFO main [util.driver.SeleniumDrive]info(line:34)点击By.xpath: //*[@id="app"]/div/div[1]/div[2]/ul/li[3]/div/span
2020-09-24 16:30:30,766 INFO main [util.driver.SeleniumDrive]info(line:34)点击By.xpath: html[1]/body[1]/div[2]/ul[1]/li[11]
2020-09-24 16:30:31,429 INFO main [util.driver.SeleniumDrive]info(line:34)点击By.xpath: //*[@id="app"]/div/div[2]/div[2]/div[2]/div[1]/div[3]/table/tbody/tr[7]/td[9]/div/div/div[2]
2020-09-24 16:30:32,216 INFO main [util.driver.SeleniumDrive]info(line:34)点击By.xpath: //*[@id="app"]/div/div[2]/div[2]/div[2]/div[2]/form/div[2]/div/button
2020-09-24 16:30:32,809 INFO main [util.driver.SeleniumDrive]info(line:34)点击By.xpath: //*[@id="app"]/div/div[2]/div[2]/div[2]/div[2]/div[2]/div[2]/div[2]/div[2]/div[1]/div
2020-09-24 16:32:43,313 INFO main [util.driver.SeleniumDrive]info(line:34)输入文本：superAdmin
2020-09-24 16:32:43,405 INFO main [util.driver.SeleniumDrive]info(line:34)输入文本：123456
2020-09-24 16:32:43,454 INFO main [util.driver.SeleniumDrive]info(line:34)点击By.xpath: //*[@id="app"]/div/div/div[3]/form/div[3]/div/button
2020-09-24 16:32:44,517 INFO main [util.driver.SeleniumDrive]info(line:34)点击By.xpath: //*[@id="app"]/div/div[1]/div[2]/ul/li[3]/div/span
2020-09-24 16:32:45,075 INFO main [util.driver.SeleniumDrive]info(line:34)点击By.xpath: html[1]/body[1]/div[2]/ul[1]/li[11]
2020-09-24 16:32:45,680 INFO main [util.driver.SeleniumDrive]info(line:34)点击By.xpath: //*[@id="app"]/div/div[2]/div[2]/div[2]/div[1]/div[3]/table/tbody/tr[7]/td[9]/div/div/div[2]
2020-09-24 16:32:46,471 INFO main [util.driver.SeleniumDrive]info(line:34)点击By.xpath: //*[@id="app"]/div/div[2]/div[2]/div[2]/div[2]/form/div[2]/div/button
2020-09-24 16:32:47,042 INFO main [util.driver.SeleniumDrive]info(line:34)点击By.xpath: //*[@id="app"]/div/div[2]/div[2]/div[2]/div[2]/div[2]/div[2]/div[2]/div[2]/div[1]/div
2020-09-24 16:36:03,270 INFO main [util.driver.SeleniumDrive]info(line:34)输入文本：superAdmin
2020-09-24 16:36:03,364 INFO main [util.driver.SeleniumDrive]info(line:34)输入文本：123456
2020-09-24 16:36:03,416 INFO main [util.driver.SeleniumDrive]info(line:34)点击By.xpath: //*[@id="app"]/div/div/div[3]/form/div[3]/div/button
2020-09-24 16:36:04,479 INFO main [util.driver.SeleniumDrive]info(line:34)点击By.xpath: //*[@id="app"]/div/div[1]/div[2]/ul/li[3]/div/span
2020-09-24 16:36:05,038 INFO main [util.driver.SeleniumDrive]info(line:34)点击By.xpath: html[1]/body[1]/div[2]/ul[1]/li[11]
2020-09-24 16:36:05,650 INFO main [util.driver.SeleniumDrive]info(line:34)点击By.xpath: //*[@id="app"]/div/div[2]/div[2]/div[2]/div[1]/div[3]/table/tbody/tr[7]/td[9]/div/div/div[2]
2020-09-24 16:36:06,253 INFO main [util.driver.SeleniumDrive]info(line:34)点击By.xpath: //*[@id="app"]/div/div[2]/div[2]/div[2]/div[2]/form/div[2]/div/button
2020-09-24 16:36:06,827 INFO main [util.driver.SeleniumDrive]info(line:34)点击By.xpath: //*[@id="app"]/div/div[2]/div[2]/div[2]/div[2]/div[2]/div[2]/div[2]/div[2]/div[1]/div
2020-09-24 16:37:16,331 INFO main [util.driver.SeleniumDrive]info(line:34)输入文本：superAdmin
2020-09-24 16:37:16,427 INFO main [util.driver.SeleniumDrive]info(line:34)输入文本：123456
2020-09-24 16:37:16,475 INFO main [util.driver.SeleniumDrive]info(line:34)点击By.xpath: //*[@id="app"]/div/div/div[3]/form/div[3]/div/button
2020-09-24 16:37:17,537 INFO main [util.driver.SeleniumDrive]info(line:34)点击By.xpath: //*[@id="app"]/div/div[1]/div[2]/ul/li[3]/div/span
2020-09-24 16:37:18,105 INFO main [util.driver.SeleniumDrive]info(line:34)点击By.xpath: html[1]/body[1]/div[2]/ul[1]/li[11]
2020-09-24 16:37:18,718 INFO main [util.driver.SeleniumDrive]info(line:34)点击By.xpath: //*[@id="app"]/div/div[2]/div[2]/div[2]/div[1]/div[3]/table/tbody/tr[7]/td[9]/div/div/div[2]
2020-09-24 16:37:19,032 INFO main [util.driver.SeleniumDrive]info(line:34)点击By.xpath: //*[@id="app"]/div/div[2]/div[2]/div[2]/div[2]/form/div[2]/div/button
2020-09-24 16:37:19,598 INFO main [util.driver.SeleniumDrive]info(line:34)点击By.xpath: //*[@id="app"]/div/div[2]/div[2]/div[2]/div[2]/div[2]/div[2]/div[2]/div[2]/div[1]/div
2020-09-24 16:39:03,034 INFO main [util.driver.SeleniumDrive]info(line:34)输入文本：superAdmin
2020-09-24 16:39:03,126 INFO main [util.driver.SeleniumDrive]info(line:34)输入文本：123456
2020-09-24 16:39:03,173 INFO main [util.driver.SeleniumDrive]info(line:34)点击By.xpath: //*[@id="app"]/div/div/div[3]/form/div[3]/div/button
2020-09-24 16:39:04,242 INFO main [util.driver.SeleniumDrive]info(line:34)点击By.xpath: //*[@id="app"]/div/div[1]/div[2]/ul/li[3]/div/span
2020-09-24 16:39:04,820 INFO main [util.driver.SeleniumDrive]info(line:34)点击By.xpath: html[1]/body[1]/div[2]/ul[1]/li[11]
2020-09-24 16:39:05,427 INFO main [util.driver.SeleniumDrive]info(line:34)点击By.xpath: //*[@id="app"]/div/div[2]/div[2]/div[2]/div[1]/div[3]/table/tbody/tr[7]/td[9]/div/div/div[2]
2020-09-24 16:39:06,050 INFO main [util.driver.SeleniumDrive]info(line:34)点击By.xpath: //*[@id="app"]/div/div[2]/div[2]/div[2]/div[2]/form/div[2]/div/button
2020-09-24 16:39:06,609 INFO main [util.driver.SeleniumDrive]info(line:34)点击By.xpath: //*[@id="app"]/div/div[2]/div[2]/div[2]/div[2]/div[2]/div[2]/div[2]/div[2]/div[1]/div
2020-09-24 16:40:26,775 INFO main [util.driver.SeleniumDrive]info(line:34)输入文本：superAdmin
2020-09-24 16:40:26,872 INFO main [util.driver.SeleniumDrive]info(line:34)输入文本：123456
2020-09-24 16:40:26,923 INFO main [util.driver.SeleniumDrive]info(line:34)点击By.xpath: //*[@id="app"]/div/div/div[3]/form/div[3]/div/button
2020-09-24 16:40:28,589 INFO main [util.driver.SeleniumDrive]info(line:34)点击By.xpath: //*[@id="app"]/div/div[1]/div[2]/ul/li[3]/div/span
2020-09-24 16:40:29,147 INFO main [util.driver.SeleniumDrive]info(line:34)点击By.xpath: html[1]/body[1]/div[2]/ul[1]/li[11]
2020-09-24 16:40:29,756 INFO main [util.driver.SeleniumDrive]info(line:34)点击By.xpath: //*[@id="app"]/div/div[2]/div[2]/div[2]/div[1]/div[3]/table/tbody/tr[7]/td[9]/div/div/div[2]
2020-09-24 16:40:30,359 INFO main [util.driver.SeleniumDrive]info(line:34)点击By.xpath: //*[@id="app"]/div/div[2]/div[2]/div[2]/div[2]/form/div[2]/div/button
2020-09-24 16:40:30,917 INFO main [util.driver.SeleniumDrive]info(line:34)点击By.xpath: //*[@id="app"]/div/div[2]/div[2]/div[2]/div[2]/div[2]/div[2]/div[2]/div[2]/div[1]/div
2020-09-24 16:44:37,285 INFO main [util.driver.SeleniumDrive]info(line:34)输入文本：superAdmin
2020-09-24 16:44:37,382 INFO main [util.driver.SeleniumDrive]info(line:34)输入文本：123456
2020-09-24 16:44:37,432 INFO main [util.driver.SeleniumDrive]info(line:34)点击By.xpath: //*[@id="app"]/div/div/div[3]/form/div[3]/div/button
2020-09-24 16:44:38,510 INFO main [util.driver.SeleniumDrive]info(line:34)点击By.xpath: //*[@id="app"]/div/div[1]/div[2]/ul/li[3]/div/span
2020-09-24 16:44:39,068 INFO main [util.driver.SeleniumDrive]info(line:34)点击By.xpath: html[1]/body[1]/div[2]/ul[1]/li[11]
2020-09-24 16:44:39,702 INFO main [util.driver.SeleniumDrive]info(line:34)点击By.xpath: //*[@id="app"]/div/div[2]/div[2]/div[2]/div[1]/div[3]/table/tbody/tr[7]/td[9]/div/div/div[2]
2020-09-24 16:44:40,485 INFO main [util.driver.SeleniumDrive]info(line:34)点击By.xpath: //*[@id="app"]/div/div[2]/div[2]/div[2]/div[2]/form/div[2]/div/button
2020-09-24 16:44:41,046 INFO main [util.driver.SeleniumDrive]info(line:34)点击By.xpath: //*[@id="app"]/div/div[2]/div[2]/div[2]/div[2]/div[2]/div[2]/div[2]/div[2]/div[1]/div
2020-09-24 16:49:34,583 INFO main [util.driver.SeleniumDrive]info(line:34)输入文本：superAdmin
2020-09-24 16:49:34,673 INFO main [util.driver.SeleniumDrive]info(line:34)输入文本：123456
2020-09-24 16:49:34,721 INFO main [util.driver.SeleniumDrive]info(line:34)点击By.xpath: //*[@id="app"]/div/div/div[3]/form/div[3]/div/button
2020-09-24 16:49:35,802 INFO main [util.driver.SeleniumDrive]info(line:34)点击By.xpath: //*[@id="app"]/div/div[1]/div[2]/ul/li[3]/div/span
2020-09-24 16:49:36,361 INFO main [util.driver.SeleniumDrive]info(line:34)点击By.xpath: html[1]/body[1]/div[2]/ul[1]/li[11]
2020-09-24 16:49:36,969 INFO main [util.driver.SeleniumDrive]info(line:34)点击By.xpath: //*[@id="app"]/div/div[2]/div[2]/div[2]/div[1]/div[3]/table/tbody/tr[7]/td[9]/div/div/div[2]
2020-09-24 16:49:37,256 INFO main [util.driver.SeleniumDrive]info(line:34)点击By.xpath: //*[@id="app"]/div/div[2]/div[2]/div[2]/div[2]/form/div[2]/div/button
2020-09-24 16:49:37,673 INFO main [util.driver.SeleniumDrive]info(line:34)点击By.xpath: //*[@id="app"]/div/div[2]/div[2]/div[2]/div[2]/div[2]/div[2]/div[2]/div[2]/div[1]/div
2020-09-24 16:52:21,830 INFO main [util.driver.SeleniumDrive]info(line:34)输入文本：superAdmin
2020-09-24 16:52:21,927 INFO main [util.driver.SeleniumDrive]info(line:34)输入文本：123456
2020-09-24 16:52:21,979 INFO main [util.driver.SeleniumDrive]info(line:34)点击By.xpath: //*[@id="app"]/div/div/div[3]/form/div[3]/div/button
2020-09-24 16:52:23,040 INFO main [util.driver.SeleniumDrive]info(line:34)点击By.xpath: //*[@id="app"]/div/div[1]/div[2]/ul/li[3]/div/span
2020-09-24 16:52:23,609 INFO main [util.driver.SeleniumDrive]info(line:34)点击By.xpath: html[1]/body[1]/div[2]/ul[1]/li[11]
2020-09-24 16:52:24,221 INFO main [util.driver.SeleniumDrive]info(line:34)点击By.xpath: //*[@id="app"]/div/div[2]/div[2]/div[2]/div[1]/div[3]/table/tbody/tr[7]/td[9]/div/div/div[2]
2020-09-24 16:52:24,838 INFO main [util.driver.SeleniumDrive]info(line:34)点击By.xpath: //*[@id="app"]/div/div[2]/div[2]/div[2]/div[2]/form/div[2]/div/button
2020-09-24 16:52:25,298 INFO main [util.driver.SeleniumDrive]info(line:34)点击By.xpath: //*[@id="app"]/div/div[2]/div[2]/div[2]/div[2]/div[2]/div[2]/div[2]/div[2]/div[1]/div
2020-09-24 16:53:25,952 INFO main [util.driver.SeleniumDrive]info(line:34)输入文本：superAdmin
2020-09-24 16:53:26,046 INFO main [util.driver.SeleniumDrive]info(line:34)输入文本：123456
2020-09-24 16:53:26,090 INFO main [util.driver.SeleniumDrive]info(line:34)点击By.xpath: //*[@id="app"]/div/div/div[3]/form/div[3]/div/button
2020-09-24 16:53:27,233 INFO main [util.driver.SeleniumDrive]info(line:34)点击By.xpath: //*[@id="app"]/div/div[1]/div[2]/ul/li[3]/div/span
2020-09-24 16:53:27,787 INFO main [util.driver.SeleniumDrive]info(line:34)点击By.xpath: html[1]/body[1]/div[2]/ul[1]/li[11]
2020-09-24 16:53:28,410 INFO main [util.driver.SeleniumDrive]info(line:34)点击By.xpath: //*[@id="app"]/div/div[2]/div[2]/div[2]/div[1]/div[3]/table/tbody/tr[7]/td[9]/div/div/div[2]
2020-09-24 16:53:29,012 INFO main [util.driver.SeleniumDrive]info(line:34)点击By.xpath: //*[@id="app"]/div/div[2]/div[2]/div[2]/div[2]/form/div[2]/div/button
2020-09-24 16:53:29,569 INFO main [util.driver.SeleniumDrive]info(line:34)点击By.xpath: //*[@id="app"]/div/div[2]/div[2]/div[2]/div[2]/div[2]/div[2]/div[2]/div[2]/div[1]/div
2020-09-24 16:54:54,774 INFO main [util.driver.SeleniumDrive]info(line:34)输入文本：superAdmin
2020-09-24 16:54:54,870 INFO main [util.driver.SeleniumDrive]info(line:34)输入文本：123456
2020-09-24 16:54:54,919 INFO main [util.driver.SeleniumDrive]info(line:34)点击By.xpath: //*[@id="app"]/div/div/div[3]/form/div[3]/div/button
2020-09-24 16:54:55,983 INFO main [util.driver.SeleniumDrive]info(line:34)点击By.xpath: //*[@id="app"]/div/div[1]/div[2]/ul/li[3]/div/span
2020-09-24 16:54:56,540 INFO main [util.driver.SeleniumDrive]info(line:34)点击By.xpath: html[1]/body[1]/div[2]/ul[1]/li[11]
2020-09-24 16:54:57,209 INFO main [util.driver.SeleniumDrive]info(line:34)点击By.xpath: //*[@id="app"]/div/div[2]/div[2]/div[2]/div[1]/div[3]/table/tbody/tr[7]/td[9]/div/div/div[2]
2020-09-24 16:54:58,004 INFO main [util.driver.SeleniumDrive]info(line:34)点击By.xpath: //*[@id="app"]/div/div[2]/div[2]/div[2]/div[2]/form/div[2]/div/button
2020-09-24 16:54:58,188 INFO main [util.driver.SeleniumDrive]info(line:34)点击By.xpath: //*[@id="app"]/div/div[2]/div[2]/div[2]/div[2]/div[2]/div[2]/div[2]/div[2]/div[1]/div
2020-09-24 16:55:48,121 INFO main [util.driver.SeleniumDrive]info(line:34)输入文本：superAdmin
2020-09-24 16:55:48,216 INFO main [util.driver.SeleniumDrive]info(line:34)输入文本：123456
2020-09-24 16:55:48,262 INFO main [util.driver.SeleniumDrive]info(line:34)点击By.xpath: //*[@id="app"]/div/div/div[3]/form/div[3]/div/button
2020-09-24 16:55:49,322 INFO main [util.driver.SeleniumDrive]info(line:34)点击By.xpath: //*[@id="app"]/div/div[1]/div[2]/ul/li[3]/div/span
2020-09-24 16:55:49,880 INFO main [util.driver.SeleniumDrive]info(line:34)点击By.xpath: html[1]/body[1]/div[2]/ul[1]/li[11]
2020-09-24 16:55:50,507 INFO main [util.driver.SeleniumDrive]info(line:34)点击By.xpath: //*[@id="app"]/div/div[2]/div[2]/div[2]/div[1]/div[3]/table/tbody/tr[7]/td[9]/div/div/div[2]
2020-09-24 16:55:51,124 INFO main [util.driver.SeleniumDrive]info(line:34)点击By.xpath: //*[@id="app"]/div/div[2]/div[2]/div[2]/div[2]/form/div[2]/div/button
2020-09-24 16:55:51,686 INFO main [util.driver.SeleniumDrive]info(line:34)点击By.xpath: //*[@id="app"]/div/div[2]/div[2]/div[2]/div[2]/div[2]/div[2]/div[2]/div[2]/div[1]/div
2020-09-24 17:05:20,714 INFO main [util.driver.SeleniumDrive]info(line:34)输入文本：superAdmin
2020-09-24 17:05:20,815 INFO main [util.driver.SeleniumDrive]info(line:34)输入文本：123456
2020-09-24 17:05:20,864 INFO main [util.driver.SeleniumDrive]info(line:34)点击By.xpath: //*[@id="app"]/div/div/div[3]/form/div[3]/div/button
2020-09-24 17:05:22,041 INFO main [util.driver.SeleniumDrive]info(line:34)点击By.xpath: //*[@id="app"]/div/div[1]/div[2]/ul/li[3]/div/span
2020-09-24 17:05:27,705 INFO main [util.driver.SeleniumDrive]info(line:34)点击By.xpath: html[1]/body[1]/div[2]/ul[1]/li[11]
2020-09-24 17:05:28,314 INFO main [util.driver.SeleniumDrive]info(line:34)点击By.xpath: //*[@id="app"]/div/div[2]/div[2]/div[2]/div[1]/div[3]/table/tbody/tr[7]/td[9]/div/div/div[2]
2020-09-24 17:05:28,927 INFO main [util.driver.SeleniumDrive]info(line:34)点击By.xpath: //*[@id="app"]/div/div[2]/div[2]/div[2]/div[2]/form/div[2]/div/button
2020-09-24 17:05:29,500 INFO main [util.driver.SeleniumDrive]info(line:34)点击By.xpath: //*[@id="app"]/div/div[2]/div[2]/div[2]/div[2]/div[2]/div[2]/div[2]/div[2]/div[1]/div
2020-09-24 17:09:15,088 INFO main [util.driver.SeleniumDrive]info(line:34)输入文本：superAdmin
2020-09-24 17:09:15,180 INFO main [util.driver.SeleniumDrive]info(line:34)输入文本：123456
2020-09-24 17:09:15,226 INFO main [util.driver.SeleniumDrive]info(line:34)点击By.xpath: //*[@id="app"]/div/div/div[3]/form/div[3]/div/button
2020-09-24 17:09:16,399 INFO main [util.driver.SeleniumDrive]info(line:34)点击By.xpath: //*[@id="app"]/div/div[1]/div[2]/ul/li[3]/div/span
2020-09-24 17:09:16,958 INFO main [util.driver.SeleniumDrive]info(line:34)点击By.xpath: html[1]/body[1]/div[2]/ul[1]/li[11]
2020-09-24 17:09:17,578 INFO main [util.driver.SeleniumDrive]info(line:34)点击By.xpath: //*[@id="app"]/div/div[2]/div[2]/div[2]/div[1]/div[3]/table/tbody/tr[7]/td[9]/div/div/div[2]
2020-09-24 17:09:18,181 INFO main [util.driver.SeleniumDrive]info(line:34)点击By.xpath: //*[@id="app"]/div/div[2]/div[2]/div[2]/div[2]/form/div[2]/div/button
2020-09-24 17:09:18,742 INFO main [util.driver.SeleniumDrive]info(line:34)点击By.xpath: //*[@id="app"]/div/div[2]/div[2]/div[2]/div[2]/div[2]/div[2]/div[2]/div[2]/div[1]/div
2020-09-24 17:10:36,829 INFO main [util.driver.SeleniumDrive]info(line:34)输入文本：superAdmin
2020-09-24 17:10:36,927 INFO main [util.driver.SeleniumDrive]info(line:34)输入文本：123456
2020-09-24 17:10:36,978 INFO main [util.driver.SeleniumDrive]info(line:34)点击By.xpath: //*[@id="app"]/div/div/div[3]/form/div[3]/div/button
2020-09-24 17:10:38,043 INFO main [util.driver.SeleniumDrive]info(line:34)点击By.xpath: //*[@id="app"]/div/div[1]/div[2]/ul/li[3]/div/span
2020-09-24 17:10:38,602 INFO main [util.driver.SeleniumDrive]info(line:34)点击By.xpath: html[1]/body[1]/div[2]/ul[1]/li[11]
2020-09-24 17:10:39,338 INFO main [util.driver.SeleniumDrive]info(line:34)点击By.xpath: //*[@id="app"]/div/div[2]/div[2]/div[2]/div[1]/div[3]/table/tbody/tr[7]/td[9]/div/div/div[2]
2020-09-24 17:10:40,141 INFO main [util.driver.SeleniumDrive]info(line:34)点击By.xpath: //*[@id="app"]/div/div[2]/div[2]/div[2]/div[2]/form/div[2]/div/button
2020-09-24 17:10:40,711 INFO main [util.driver.SeleniumDrive]info(line:34)点击By.xpath: //*[@id="app"]/div/div[2]/div[2]/div[2]/div[2]/div[2]/div[2]/div[2]/div[2]/div[1]/div
2020-09-24 17:13:55,421 INFO main [util.driver.SeleniumDrive]info(line:34)输入文本：superAdmin
2020-09-24 17:13:55,510 INFO main [util.driver.SeleniumDrive]info(line:34)输入文本：123456
2020-09-24 17:13:55,568 INFO main [util.driver.SeleniumDrive]info(line:34)点击By.xpath: //*[@id="app"]/div/div/div[3]/form/div[3]/div/button
2020-09-24 17:13:56,644 INFO main [util.driver.SeleniumDrive]info(line:34)点击By.xpath: //*[@id="app"]/div/div[1]/div[2]/ul/li[3]/div/span
2020-09-24 17:13:57,205 INFO main [util.driver.SeleniumDrive]info(line:34)点击By.xpath: html[1]/body[1]/div[2]/ul[1]/li[11]
2020-09-24 17:13:58,168 INFO main [util.driver.SeleniumDrive]info(line:34)点击By.xpath: //*[@id="app"]/div/div[2]/div[2]/div[2]/div[1]/div[3]/table/tbody/tr[7]/td[9]/div/div/div[2]
2020-09-24 17:13:58,953 INFO main [util.driver.SeleniumDrive]info(line:34)点击By.xpath: //*[@id="app"]/div/div[2]/div[2]/div[2]/div[2]/form/div[2]/div/button
2020-09-24 17:13:59,514 INFO main [util.driver.SeleniumDrive]info(line:34)点击By.xpath: //*[@id="app"]/div/div[2]/div[2]/div[2]/div[2]/div[2]/div[2]/div[2]/div[2]/div[1]/div
2020-09-24 17:18:43,580 INFO main [util.driver.SeleniumDrive]info(line:34)输入文本：superAdmin
2020-09-24 17:18:43,680 INFO main [util.driver.SeleniumDrive]info(line:34)输入文本：123456
2020-09-24 17:18:43,732 INFO main [util.driver.SeleniumDrive]info(line:34)点击By.xpath: //*[@id="app"]/div/div/div[3]/form/div[3]/div/button
2020-09-24 17:18:44,796 INFO main [util.driver.SeleniumDrive]info(line:34)点击By.xpath: //*[@id="app"]/div/div[1]/div[2]/ul/li[3]/div/span
2020-09-24 17:18:45,356 INFO main [util.driver.SeleniumDrive]info(line:34)点击By.xpath: html[1]/body[1]/div[2]/ul[1]/li[11]
2020-09-24 17:18:45,969 INFO main [util.driver.SeleniumDrive]info(line:34)点击By.xpath: //*[@id="app"]/div/div[2]/div[2]/div[2]/div[1]/div[3]/table/tbody/tr[7]/td[9]/div/div/div[2]
2020-09-24 17:18:46,251 INFO main [util.driver.SeleniumDrive]info(line:34)点击By.xpath: //*[@id="app"]/div/div[2]/div[2]/div[2]/div[2]/form/div[2]/div/button
2020-09-24 17:18:46,820 INFO main [util.driver.SeleniumDrive]info(line:34)点击By.xpath: //*[@id="app"]/div/div[2]/div[2]/div[2]/div[2]/div[2]/div[2]/div[2]/div[2]/div[1]/div
2020-09-24 17:22:22,483 INFO main [util.driver.SeleniumDrive]info(line:34)输入文本：superAdmin
2020-09-24 17:22:22,579 INFO main [util.driver.SeleniumDrive]info(line:34)输入文本：123456
2020-09-24 17:22:22,631 INFO main [util.driver.SeleniumDrive]info(line:34)点击By.xpath: //*[@id="app"]/div/div/div[3]/form/div[3]/div/button
2020-09-24 17:22:23,695 INFO main [util.driver.SeleniumDrive]info(line:34)点击By.xpath: //*[@id="app"]/div/div[1]/div[2]/ul/li[3]/div/span
2020-09-24 17:22:24,368 INFO main [util.driver.SeleniumDrive]info(line:34)点击By.xpath: html[1]/body[1]/div[2]/ul[1]/li[11]
2020-09-24 17:22:24,978 INFO main [util.driver.SeleniumDrive]info(line:34)点击By.xpath: //*[@id="app"]/div/div[2]/div[2]/div[2]/div[1]/div[3]/table/tbody/tr[7]/td[9]/div/div/div[2]
2020-09-24 17:22:25,590 INFO main [util.driver.SeleniumDrive]info(line:34)点击By.xpath: //*[@id="app"]/div/div[2]/div[2]/div[2]/div[2]/form/div[2]/div/button
2020-09-24 17:22:26,153 INFO main [util.driver.SeleniumDrive]info(line:34)点击By.xpath: //*[@id="app"]/div/div[2]/div[2]/div[2]/div[2]/div[2]/div[2]/div[2]/div[2]/div[1]/div
2020-09-24 17:23:27,548 INFO main [util.driver.SeleniumDrive]info(line:34)输入文本：superAdmin
2020-09-24 17:23:27,647 INFO main [util.driver.SeleniumDrive]info(line:34)输入文本：123456
2020-09-24 17:23:27,695 INFO main [util.driver.SeleniumDrive]info(line:34)点击By.xpath: //*[@id="app"]/div/div/div[3]/form/div[3]/div/button
2020-09-24 17:23:28,767 INFO main [util.driver.SeleniumDrive]info(line:34)点击By.xpath: //*[@id="app"]/div/div[1]/div[2]/ul/li[3]/div/span
2020-09-24 17:23:29,339 INFO main [util.driver.SeleniumDrive]info(line:34)点击By.xpath: html[1]/body[1]/div[2]/ul[1]/li[11]
2020-09-24 17:23:29,942 INFO main [util.driver.SeleniumDrive]info(line:34)点击By.xpath: //*[@id="app"]/div/div[2]/div[2]/div[2]/div[1]/div[3]/table/tbody/tr[7]/td[9]/div/div/div[2]
2020-09-24 17:23:30,549 INFO main [util.driver.SeleniumDrive]info(line:34)点击By.xpath: //*[@id="app"]/div/div[2]/div[2]/div[2]/div[2]/form/div[2]/div/button
2020-09-24 17:23:31,122 INFO main [util.driver.SeleniumDrive]info(line:34)点击By.xpath: //*[@id="app"]/div/div[2]/div[2]/div[2]/div[2]/div[2]/div[2]/div[2]/div[2]/div[1]/div
2020-09-24 17:24:32,820 INFO main [util.driver.SeleniumDrive]info(line:34)输入文本：superAdmin
2020-09-24 17:24:32,913 INFO main [util.driver.SeleniumDrive]info(line:34)输入文本：123456
2020-09-24 17:24:32,960 INFO main [util.driver.SeleniumDrive]info(line:34)点击By.xpath: //*[@id="app"]/div/div/div[3]/form/div[3]/div/button
2020-09-24 17:24:34,050 INFO main [util.driver.SeleniumDrive]info(line:34)点击By.xpath: //*[@id="app"]/div/div[1]/div[2]/ul/li[3]/div/span
2020-09-24 17:24:34,610 INFO main [util.driver.SeleniumDrive]info(line:34)点击By.xpath: html[1]/body[1]/div[2]/ul[1]/li[11]
2020-09-24 17:24:35,217 INFO main [util.driver.SeleniumDrive]info(line:34)点击By.xpath: //*[@id="app"]/div/div[2]/div[2]/div[2]/div[1]/div[3]/table/tbody/tr[7]/td[9]/div/div/div[2]
2020-09-24 17:24:36,006 INFO main [util.driver.SeleniumDrive]info(line:34)点击By.xpath: //*[@id="app"]/div/div[2]/div[2]/div[2]/div[2]/form/div[2]/div/button
2020-09-24 17:24:36,566 INFO main [util.driver.SeleniumDrive]info(line:34)点击By.xpath: //*[@id="app"]/div/div[2]/div[2]/div[2]/div[2]/div[2]/div[2]/div[2]/div[2]/div[1]/div
2020-09-24 17:37:29,505 INFO main [util.driver.SeleniumDrive]info(line:34)输入文本：superAdmin
2020-09-24 17:37:29,606 INFO main [util.driver.SeleniumDrive]info(line:34)输入文本：123456
2020-09-24 17:37:29,654 INFO main [util.driver.SeleniumDrive]info(line:34)点击By.xpath: //*[@id="app"]/div/div/div[3]/form/div[3]/div/button
2020-09-24 17:37:30,736 INFO main [util.driver.SeleniumDrive]info(line:34)点击By.xpath: //*[@id="app"]/div/div[1]/div[2]/ul/li[3]/div/span
2020-09-24 17:37:31,311 INFO main [util.driver.SeleniumDrive]info(line:34)点击By.xpath: html[1]/body[1]/div[2]/ul[1]/li[11]
2020-09-24 17:37:31,988 INFO main [util.driver.SeleniumDrive]info(line:34)点击By.xpath: //*[@id="app"]/div/div[2]/div[2]/div[2]/div[1]/div[3]/table/tbody/tr[7]/td[9]/div/div/div[2]
2020-09-24 17:37:32,782 INFO main [util.driver.SeleniumDrive]info(line:34)点击By.xpath: //*[@id="app"]/div/div[2]/div[2]/div[2]/div[2]/form/div[2]/div/button
2020-09-24 17:37:33,357 INFO main [util.driver.SeleniumDrive]info(line:34)点击By.xpath: //*[@id="app"]/div/div[2]/div[2]/div[2]/div[2]/div[2]/div[2]/div[2]/div[2]/div[1]/div
2020-09-24 17:40:22,442 INFO main [util.driver.SeleniumDrive]info(line:34)输入文本：superAdmin
2020-09-24 17:40:22,539 INFO main [util.driver.SeleniumDrive]info(line:34)输入文本：123456
2020-09-24 17:40:22,594 INFO main [util.driver.SeleniumDrive]info(line:34)点击By.xpath: //*[@id="app"]/div/div/div[3]/form/div[3]/div/button
2020-09-24 17:40:23,658 INFO main [util.driver.SeleniumDrive]info(line:34)点击By.xpath: //*[@id="app"]/div/div[1]/div[2]/ul/li[3]/div/span
2020-09-24 17:40:24,217 INFO main [util.driver.SeleniumDrive]info(line:34)点击By.xpath: html[1]/body[1]/div[2]/ul[1]/li[11]
2020-09-24 17:40:24,941 INFO main [util.driver.SeleniumDrive]info(line:34)点击By.xpath: //*[@id="app"]/div/div[2]/div[2]/div[2]/div[1]/div[3]/table/tbody/tr[7]/td[9]/div/div/div[2]
2020-09-24 17:40:25,552 INFO main [util.driver.SeleniumDrive]info(line:34)点击By.xpath: //*[@id="app"]/div/div[2]/div[2]/div[2]/div[2]/form/div[2]/div/button
2020-09-24 17:40:26,008 INFO main [util.driver.SeleniumDrive]info(line:34)点击By.xpath: //*[@id="app"]/div/div[2]/div[2]/div[2]/div[2]/div[2]/div[2]/div[2]/div[2]/div[1]/div
2020-09-24 17:43:29,066 INFO main [util.driver.SeleniumDrive]info(line:34)输入文本：superAdmin
2020-09-24 17:43:29,158 INFO main [util.driver.SeleniumDrive]info(line:34)输入文本：123456
2020-09-24 17:43:29,208 INFO main [util.driver.SeleniumDrive]info(line:34)点击By.xpath: //*[@id="app"]/div/div/div[3]/form/div[3]/div/button
2020-09-24 17:43:30,282 INFO main [util.driver.SeleniumDrive]info(line:34)点击By.xpath: //*[@id="app"]/div/div[1]/div[2]/ul/li[3]/div/span
2020-09-24 17:43:30,837 INFO main [util.driver.SeleniumDrive]info(line:34)点击By.xpath: html[1]/body[1]/div[2]/ul[1]/li[11]
2020-09-24 17:43:31,635 INFO main [util.driver.SeleniumDrive]info(line:34)点击By.xpath: //*[@id="app"]/div/div[2]/div[2]/div[2]/div[1]/div[3]/table/tbody/tr[7]/td[9]/div/div/div[2]
2020-09-24 17:43:32,242 INFO main [util.driver.SeleniumDrive]info(line:34)点击By.xpath: //*[@id="app"]/div/div[2]/div[2]/div[2]/div[2]/form/div[2]/div/button
2020-09-24 17:43:32,817 INFO main [util.driver.SeleniumDrive]info(line:34)点击By.xpath: //*[@id="app"]/div/div[2]/div[2]/div[2]/div[2]/div[2]/div[2]/div[2]/div[2]/div[1]/div
2020-09-24 17:45:21,441 INFO main [util.driver.SeleniumDrive]info(line:34)输入文本：superAdmin
2020-09-24 17:45:21,540 INFO main [util.driver.SeleniumDrive]info(line:34)输入文本：123456
2020-09-24 17:45:21,591 INFO main [util.driver.SeleniumDrive]info(line:34)点击By.xpath: //*[@id="app"]/div/div/div[3]/form/div[3]/div/button
2020-09-24 17:45:22,655 INFO main [util.driver.SeleniumDrive]info(line:34)点击By.xpath: //*[@id="app"]/div/div[1]/div[2]/ul/li[3]/div/span
2020-09-24 17:45:23,225 INFO main [util.driver.SeleniumDrive]info(line:34)点击By.xpath: html[1]/body[1]/div[2]/ul[1]/li[11]
2020-09-24 17:45:23,830 INFO main [util.driver.SeleniumDrive]info(line:34)点击By.xpath: //*[@id="app"]/div/div[2]/div[2]/div[2]/div[1]/div[3]/table/tbody/tr[7]/td[9]/div/div/div[2]
2020-09-24 17:45:24,625 INFO main [util.driver.SeleniumDrive]info(line:34)点击By.xpath: //*[@id="app"]/div/div[2]/div[2]/div[2]/div[2]/form/div[2]/div/button
2020-09-24 17:45:25,211 INFO main [util.driver.SeleniumDrive]info(line:34)点击By.xpath: //*[@id="app"]/div/div[2]/div[2]/div[2]/div[2]/div[2]/div[2]/div[2]/div[2]/div[1]/div
2020-09-24 17:45:59,839 INFO main [util.driver.SeleniumDrive]info(line:34)输入文本：superAdmin
2020-09-24 17:45:59,930 INFO main [util.driver.SeleniumDrive]info(line:34)输入文本：123456
2020-09-24 17:45:59,979 INFO main [util.driver.SeleniumDrive]info(line:34)点击By.xpath: //*[@id="app"]/div/div/div[3]/form/div[3]/div/button
2020-09-24 17:46:01,042 INFO main [util.driver.SeleniumDrive]info(line:34)点击By.xpath: //*[@id="app"]/div/div[1]/div[2]/ul/li[3]/div/span
2020-09-24 17:46:01,700 INFO main [util.driver.SeleniumDrive]info(line:34)点击By.xpath: html[1]/body[1]/div[2]/ul[1]/li[11]
2020-09-24 17:46:02,304 INFO main [util.driver.SeleniumDrive]info(line:34)点击By.xpath: //*[@id="app"]/div/div[2]/div[2]/div[2]/div[1]/div[3]/table/tbody/tr[7]/td[9]/div/div/div[2]
2020-09-24 17:46:02,912 INFO main [util.driver.SeleniumDrive]info(line:34)点击By.xpath: //*[@id="app"]/div/div[2]/div[2]/div[2]/div[2]/form/div[2]/div/button
2020-09-24 17:46:03,476 INFO main [util.driver.SeleniumDrive]info(line:34)点击By.xpath: //*[@id="app"]/div/div[2]/div[2]/div[2]/div[2]/div[2]/div[2]/div[2]/div[2]/div[1]/div
2020-09-24 17:56:33,921 INFO main [util.driver.SeleniumDrive]info(line:34)输入文本：superAdmin
2020-09-24 17:56:34,020 INFO main [util.driver.SeleniumDrive]info(line:34)输入文本：123456
2020-09-24 17:56:34,067 INFO main [util.driver.SeleniumDrive]info(line:34)点击By.xpath: //*[@id="app"]/div/div/div[3]/form/div[3]/div/button
2020-09-24 17:56:35,131 INFO main [util.driver.SeleniumDrive]info(line:34)点击By.xpath: //*[@id="app"]/div/div[1]/div[2]/ul/li[3]/div/span
2020-09-24 17:56:35,736 INFO main [util.driver.SeleniumDrive]info(line:34)点击By.xpath: html[1]/body[1]/div[2]/ul[1]/li[11]
2020-09-24 17:56:36,295 INFO main [util.driver.SeleniumDrive]info(line:34)点击By.xpath: //*[@id="app"]/div/div[2]/div[2]/div[2]/div[1]/div[3]/table/tbody/tr[7]/td[9]/div/div/div[2]
2020-09-24 17:56:36,892 INFO main [util.driver.SeleniumDrive]info(line:34)点击By.xpath: //*[@id="app"]/div/div[2]/div[2]/div[2]/div[2]/form/div[2]/div/button
2020-09-24 17:56:37,448 INFO main [util.driver.SeleniumDrive]info(line:34)点击By.xpath: //*[@id="app"]/div/div[2]/div[2]/div[2]/div[2]/div[2]/div[2]/div[2]/div[2]/div[1]/div
2020-09-24 18:00:35,976 INFO main [util.driver.SeleniumDrive]info(line:34)输入文本：superAdmin
2020-09-24 18:00:36,079 INFO main [util.driver.SeleniumDrive]info(line:34)输入文本：123456
2020-09-24 18:00:36,132 INFO main [util.driver.SeleniumDrive]info(line:34)点击By.xpath: //*[@id="app"]/div/div/div[3]/form/div[3]/div/button
2020-09-24 18:00:37,705 INFO main [util.driver.SeleniumDrive]info(line:34)点击By.xpath: //*[@id="app"]/div/div[1]/div[2]/ul/li[3]/div/span
2020-09-24 18:00:38,272 INFO main [util.driver.SeleniumDrive]info(line:34)点击By.xpath: html[1]/body[1]/div[2]/ul[1]/li[11]
2020-09-24 18:00:38,883 INFO main [util.driver.SeleniumDrive]info(line:34)点击By.xpath: //*[@id="app"]/div/div[2]/div[2]/div[2]/div[1]/div[3]/table/tbody/tr[7]/td[9]/div/div/div[2]
2020-09-24 18:00:39,661 INFO main [util.driver.SeleniumDrive]info(line:34)点击By.xpath: //*[@id="app"]/div/div[2]/div[2]/div[2]/div[2]/form/div[2]/div/button
2020-09-24 18:00:40,252 INFO main [util.driver.SeleniumDrive]info(line:34)点击By.xpath: //*[@id="app"]/div/div[2]/div[2]/div[2]/div[2]/div[2]/div[2]/div[2]/div[2]/div[1]/div
2020-09-24 18:02:23,580 INFO main [util.driver.SeleniumDrive]info(line:34)输入文本：superAdmin
2020-09-24 18:02:23,677 INFO main [util.driver.SeleniumDrive]info(line:34)输入文本：123456
2020-09-24 18:02:23,725 INFO main [util.driver.SeleniumDrive]info(line:34)点击By.xpath: //*[@id="app"]/div/div/div[3]/form/div[3]/div/button
2020-09-24 18:02:24,848 INFO main [util.driver.SeleniumDrive]info(line:34)点击By.xpath: //*[@id="app"]/div/div[1]/div[2]/ul/li[3]/div/span
2020-09-24 18:02:25,423 INFO main [util.driver.SeleniumDrive]info(line:34)点击By.xpath: html[1]/body[1]/div[2]/ul[1]/li[11]
2020-09-24 18:02:26,045 INFO main [util.driver.SeleniumDrive]info(line:34)点击By.xpath: //*[@id="app"]/div/div[2]/div[2]/div[2]/div[1]/div[3]/table/tbody/tr[7]/td[9]/div/div/div[2]
2020-09-24 18:02:26,659 INFO main [util.driver.SeleniumDrive]info(line:34)点击By.xpath: //*[@id="app"]/div/div[2]/div[2]/div[2]/div[2]/form/div[2]/div/button
2020-09-24 18:02:27,225 INFO main [util.driver.SeleniumDrive]info(line:34)点击By.xpath: //*[@id="app"]/div/div[2]/div[2]/div[2]/div[2]/div[2]/div[2]/div[2]/div[2]/div[1]/div
2020-09-25 11:56:46,106 INFO main [util.driver.SeleniumDrive]info(line:34)输入文本：superAdmin
2020-09-25 11:56:46,216 INFO main [util.driver.SeleniumDrive]info(line:34)输入文本：123456
2020-09-25 11:56:46,266 INFO main [util.driver.SeleniumDrive]info(line:34)点击By.xpath: //*[@id="app"]/div/div/div[3]/form/div[3]/div/button
2020-09-25 11:56:47,842 INFO main [util.driver.SeleniumDrive]info(line:34)点击By.xpath: //*[@id="app"]/div/div[1]/div[2]/ul/li[3]/div/span
2020-09-25 11:56:52,515 INFO main [util.driver.SeleniumDrive]info(line:34)点击By.xpath: html[1]/body[1]/div[2]/ul[1]/li[11]
2020-09-25 11:58:14,579 INFO main [util.driver.SeleniumDrive]info(line:34)输入文本：superAdmin
2020-09-25 11:58:14,676 INFO main [util.driver.SeleniumDrive]info(line:34)输入文本：123456
2020-09-25 11:58:14,726 INFO main [util.driver.SeleniumDrive]info(line:34)点击By.xpath: //*[@id="app"]/div/div/div[3]/form/div[3]/div/button
2020-09-25 11:58:15,773 INFO main [util.driver.SeleniumDrive]info(line:34)点击By.xpath: //*[@id="app"]/div/div[1]/div[2]/ul/li[3]/div/span
2020-09-25 11:58:16,450 INFO main [util.driver.SeleniumDrive]info(line:34)点击By.xpath: html[1]/body[1]/div[2]/ul[1]/li[13]
2020-09-25 11:58:17,057 INFO main [util.driver.SeleniumDrive]info(line:34)点击By.xpath: //*[@id="app"]/div/div[2]/div[2]/div[2]/div[1]/div[3]/table/tbody/tr[7]/td[9]/div/div/div[2]
2020-09-25 11:58:17,658 INFO main [util.driver.SeleniumDrive]info(line:34)点击By.xpath: //*[@id="app"]/div/div[2]/div[2]/div[2]/div[2]/form/div[2]/div/button
2020-09-25 11:59:40,222 INFO main [util.driver.SeleniumDrive]info(line:34)输入文本：superAdmin
2020-09-25 11:59:40,319 INFO main [util.driver.SeleniumDrive]info(line:34)输入文本：123456
2020-09-25 11:59:40,368 INFO main [util.driver.SeleniumDrive]info(line:34)点击By.xpath: //*[@id="app"]/div/div/div[3]/form/div[3]/div/button
2020-09-25 11:59:41,413 INFO main [util.driver.SeleniumDrive]info(line:34)点击By.xpath: //*[@id="app"]/div/div[1]/div[2]/ul/li[3]/div/span
2020-09-25 11:59:41,991 INFO main [util.driver.SeleniumDrive]info(line:34)点击By.xpath: html[1]/body[1]/div[2]/ul[1]/li[13]
2020-09-25 11:59:42,662 INFO main [util.driver.SeleniumDrive]info(line:34)点击By.xpath: //*[@id="app"]/div/div[2]/div[2]/div[2]/div[1]/div[3]/table/tbody/tr[8]/td[9]/div/div/div[2]
2020-09-25 11:59:43,451 INFO main [util.driver.SeleniumDrive]info(line:34)点击By.xpath: //*[@id="app"]/div/div[2]/div[2]/div[2]/div[2]/form/div[2]/div/button
2020-09-25 11:59:44,014 INFO main [util.driver.SeleniumDrive]info(line:34)点击By.xpath: //*[@id="app"]/div/div[2]/div[2]/div[2]/div[2]/div[2]/div[2]/div[2]/div[2]/div[1]/div
2020-09-25 12:40:30,449 INFO main [util.driver.SeleniumDrive]info(line:34)输入文本：superAdmin
2020-09-25 12:40:30,548 INFO main [util.driver.SeleniumDrive]info(line:34)输入文本：123456
2020-09-25 12:40:30,599 INFO main [util.driver.SeleniumDrive]info(line:34)点击By.xpath: //*[@id="app"]/div/div/div[3]/form/div[3]/div/button
2020-09-25 12:40:31,645 INFO main [util.driver.SeleniumDrive]info(line:34)点击By.xpath: //*[@id="app"]/div/div[1]/div[2]/ul/li[3]/div/span
2020-09-25 12:40:32,220 INFO main [util.driver.SeleniumDrive]info(line:34)点击By.xpath: html[1]/body[1]/div[2]/ul[1]/li[13]
2020-09-25 12:40:32,843 INFO main [util.driver.SeleniumDrive]info(line:34)点击By.xpath: //*[@id="app"]/div/div[2]/div[2]/div[2]/div[1]/div[3]/table/tbody/tr[8]/td[9]/div/div/div[2]
2020-09-25 12:40:33,454 INFO main [util.driver.SeleniumDrive]info(line:34)点击By.xpath: //*[@id="app"]/div/div[2]/div[2]/div[2]/div[2]/form/div[2]/div/button
2020-09-25 12:40:34,013 INFO main [util.driver.SeleniumDrive]info(line:34)点击By.xpath: //*[@id="app"]/div/div[2]/div[2]/div[2]/div[2]/div[2]/div[2]/div[2]/div[2]/div[1]/div
2020-09-25 13:18:51,241 INFO main [util.driver.SeleniumDrive]info(line:34)输入文本：superAdmin
2020-09-25 13:18:51,339 INFO main [util.driver.SeleniumDrive]info(line:34)输入文本：123456
2020-09-25 13:18:51,390 INFO main [util.driver.SeleniumDrive]info(line:34)点击By.xpath: //*[@id="app"]/div/div/div[3]/form/div[3]/div/button
2020-09-25 13:18:52,430 INFO main [util.driver.SeleniumDrive]info(line:34)点击By.xpath: //*[@id="app"]/div/div[1]/div[2]/ul/li[3]/div/span
2020-09-25 13:18:53,038 INFO main [util.driver.SeleniumDrive]info(line:34)点击By.xpath: html[1]/body[1]/div[2]/ul[1]/li[13]
2020-09-25 13:18:53,607 INFO main [util.driver.SeleniumDrive]info(line:34)点击By.xpath: //*[@id="app"]/div/div[2]/div[2]/div[2]/div[1]/div[3]/table/tbody/tr[8]/td[9]/div/div/div[2]
2020-09-25 13:18:53,912 INFO main [util.driver.SeleniumDrive]info(line:34)点击By.xpath: //*[@id="app"]/div/div[2]/div[2]/div[2]/div[2]/form/div[2]/div/button
2020-09-25 13:18:54,474 INFO main [util.driver.SeleniumDrive]info(line:34)点击By.xpath: //*[@id="app"]/div/div[2]/div[2]/div[2]/div[2]/div[2]/div[2]/div[2]/div[2]/div[1]/div
2020-09-25 13:21:04,894 INFO main [util.driver.SeleniumDrive]info(line:34)输入文本：superAdmin
2020-09-25 13:21:04,989 INFO main [util.driver.SeleniumDrive]info(line:34)输入文本：123456
2020-09-25 13:21:05,038 INFO main [util.driver.SeleniumDrive]info(line:34)点击By.xpath: //*[@id="app"]/div/div/div[3]/form/div[3]/div/button
2020-09-25 13:21:06,078 INFO main [util.driver.SeleniumDrive]info(line:34)点击By.xpath: //*[@id="app"]/div/div[1]/div[2]/ul/li[3]/div/span
2020-09-25 13:21:06,638 INFO main [util.driver.SeleniumDrive]info(line:34)点击By.xpath: html[1]/body[1]/div[2]/ul[1]/li[13]
2020-09-25 13:21:07,382 INFO main [util.driver.SeleniumDrive]info(line:34)点击By.xpath: //*[@id="app"]/div/div[2]/div[2]/div[2]/div[1]/div[3]/table/tbody/tr[8]/td[9]/div/div/div[2]
2020-09-25 13:21:07,989 INFO main [util.driver.SeleniumDrive]info(line:34)点击By.xpath: //*[@id="app"]/div/div[2]/div[2]/div[2]/div[2]/form/div[2]/div/button
2020-09-25 13:21:08,566 INFO main [util.driver.SeleniumDrive]info(line:34)点击By.xpath: //*[@id="app"]/div/div[2]/div[2]/div[2]/div[2]/div[2]/div[2]/div[2]/div[2]/div[1]/div
2020-09-25 13:28:46,156 INFO main [util.driver.SeleniumDrive]info(line:34)输入文本：superAdmin
2020-09-25 13:28:46,251 INFO main [util.driver.SeleniumDrive]info(line:34)输入文本：123456
2020-09-25 13:28:46,299 INFO main [util.driver.SeleniumDrive]info(line:34)点击By.xpath: //*[@id="app"]/div/div/div[3]/form/div[3]/div/button
2020-09-25 13:28:47,340 INFO main [util.driver.SeleniumDrive]info(line:34)点击By.xpath: //*[@id="app"]/div/div[1]/div[2]/ul/li[3]/div/span
2020-09-25 13:28:47,910 INFO main [util.driver.SeleniumDrive]info(line:34)点击By.xpath: html[1]/body[1]/div[2]/ul[1]/li[13]
2020-09-25 13:28:48,521 INFO main [util.driver.SeleniumDrive]info(line:34)点击By.xpath: //*[@id="app"]/div/div[2]/div[2]/div[2]/div[1]/div[3]/table/tbody/tr[8]/td[9]/div/div/div[2]
2020-09-25 13:28:48,825 INFO main [util.driver.SeleniumDrive]info(line:34)点击By.xpath: //*[@id="app"]/div/div[2]/div[2]/div[2]/div[2]/form/div[2]/div/button
2020-09-25 13:28:49,385 INFO main [util.driver.SeleniumDrive]info(line:34)点击By.xpath: //*[@id="app"]/div/div[2]/div[2]/div[2]/div[2]/div[2]/div[2]/div[2]/div[2]/div[1]/div
2020-09-25 13:29:47,392 INFO main [util.driver.SeleniumDrive]info(line:34)输入文本：superAdmin
2020-09-25 13:29:47,496 INFO main [util.driver.SeleniumDrive]info(line:34)输入文本：123456
2020-09-25 13:29:47,554 INFO main [util.driver.SeleniumDrive]info(line:34)点击By.xpath: //*[@id="app"]/div/div/div[3]/form/div[3]/div/button
2020-09-25 13:29:49,116 INFO main [util.driver.SeleniumDrive]info(line:34)点击By.xpath: //*[@id="app"]/div/div[1]/div[2]/ul/li[3]/div/span
2020-09-25 13:29:49,678 INFO main [util.driver.SeleniumDrive]info(line:34)点击By.xpath: html[1]/body[1]/div[2]/ul[1]/li[13]
2020-09-25 13:29:50,293 INFO main [util.driver.SeleniumDrive]info(line:34)点击By.xpath: //*[@id="app"]/div/div[2]/div[2]/div[2]/div[1]/div[3]/table/tbody/tr[8]/td[9]/div/div/div[2]
2020-09-25 13:29:51,083 INFO main [util.driver.SeleniumDrive]info(line:34)点击By.xpath: //*[@id="app"]/div/div[2]/div[2]/div[2]/div[2]/form/div[2]/div/button
2020-09-25 13:29:51,644 INFO main [util.driver.SeleniumDrive]info(line:34)点击By.xpath: //*[@id="app"]/div/div[2]/div[2]/div[2]/div[2]/div[2]/div[2]/div[2]/div[2]/div[1]/div
2020-09-25 13:33:06,548 INFO main [util.driver.SeleniumDrive]info(line:34)输入文本：superAdmin
2020-09-25 13:33:06,646 INFO main [util.driver.SeleniumDrive]info(line:34)输入文本：123456
2020-09-25 13:33:06,697 INFO main [util.driver.SeleniumDrive]info(line:34)点击By.xpath: //*[@id="app"]/div/div/div[3]/form/div[3]/div/button
2020-09-25 13:33:07,746 INFO main [util.driver.SeleniumDrive]info(line:34)点击By.xpath: //*[@id="app"]/div/div[1]/div[2]/ul/li[3]/div/span
2020-09-25 13:33:08,437 INFO main [util.driver.SeleniumDrive]info(line:34)点击By.xpath: html[1]/body[1]/div[2]/ul[1]/li[13]
2020-09-25 13:33:09,050 INFO main [util.driver.SeleniumDrive]info(line:34)点击By.xpath: //*[@id="app"]/div/div[2]/div[2]/div[2]/div[1]/div[3]/table/tbody/tr[8]/td[9]/div/div/div[2]
2020-09-25 13:33:09,661 INFO main [util.driver.SeleniumDrive]info(line:34)点击By.xpath: //*[@id="app"]/div/div[2]/div[2]/div[2]/div[2]/form/div[2]/div/button
2020-09-25 13:33:10,224 INFO main [util.driver.SeleniumDrive]info(line:34)点击By.xpath: //*[@id="app"]/div/div[2]/div[2]/div[2]/div[2]/div[2]/div[2]/div[2]/div[2]/div[1]/div
2020-09-25 13:36:10,643 INFO main [util.driver.SeleniumDrive]info(line:34)输入文本：superAdmin
2020-09-25 13:36:10,737 INFO main [util.driver.SeleniumDrive]info(line:34)输入文本：123456
2020-09-25 13:36:10,784 INFO main [util.driver.SeleniumDrive]info(line:34)点击By.xpath: //*[@id="app"]/div/div/div[3]/form/div[3]/div/button
2020-09-25 13:36:12,337 INFO main [util.driver.SeleniumDrive]info(line:34)点击By.xpath: //*[@id="app"]/div/div[1]/div[2]/ul/li[3]/div/span
2020-09-25 13:36:12,899 INFO main [util.driver.SeleniumDrive]info(line:34)点击By.xpath: html[1]/body[1]/div[2]/ul[1]/li[13]
2020-09-25 13:36:13,685 INFO main [util.driver.SeleniumDrive]info(line:34)点击By.xpath: //*[@id="app"]/div/div[2]/div[2]/div[2]/div[1]/div[3]/table/tbody/tr[8]/td[9]/div/div/div[2]
2020-09-25 13:36:14,344 INFO main [util.driver.SeleniumDrive]info(line:34)点击By.xpath: //*[@id="app"]/div/div[2]/div[2]/div[2]/div[2]/form/div[2]/div/button
2020-09-25 13:36:14,909 INFO main [util.driver.SeleniumDrive]info(line:34)点击By.xpath: //*[@id="app"]/div/div[2]/div[2]/div[2]/div[2]/div[2]/div[2]/div[2]/div[2]/div[1]/div
2020-09-25 13:38:08,103 INFO main [util.driver.SeleniumDrive]info(line:34)输入文本：superAdmin
2020-09-25 13:38:08,208 INFO main [util.driver.SeleniumDrive]info(line:34)输入文本：123456
2020-09-25 13:38:08,254 INFO main [util.driver.SeleniumDrive]info(line:34)点击By.xpath: //*[@id="app"]/div/div/div[3]/form/div[3]/div/button
2020-09-25 13:38:09,301 INFO main [util.driver.SeleniumDrive]info(line:34)点击By.xpath: //*[@id="app"]/div/div[1]/div[2]/ul/li[3]/div/span
2020-09-25 13:38:09,863 INFO main [util.driver.SeleniumDrive]info(line:34)点击By.xpath: html[1]/body[1]/div[2]/ul[1]/li[13]
2020-09-25 13:38:10,563 INFO main [util.driver.SeleniumDrive]info(line:34)点击By.xpath: //*[@id="app"]/div/div[2]/div[2]/div[2]/div[1]/div[3]/table/tbody/tr[8]/td[9]/div/div/div[2]
2020-09-25 13:38:11,210 INFO main [util.driver.SeleniumDrive]info(line:34)点击By.xpath: //*[@id="app"]/div/div[2]/div[2]/div[2]/div[2]/form/div[2]/div/button
2020-09-25 13:38:11,772 INFO main [util.driver.SeleniumDrive]info(line:34)点击By.xpath: //*[@id="app"]/div/div[2]/div[2]/div[2]/div[2]/div[2]/div[2]/div[2]/div[2]/div[1]/div
2020-09-25 13:38:52,709 INFO main [util.driver.SeleniumDrive]info(line:34)输入文本：superAdmin
2020-09-25 13:38:52,810 INFO main [util.driver.SeleniumDrive]info(line:34)输入文本：123456
2020-09-25 13:38:52,860 INFO main [util.driver.SeleniumDrive]info(line:34)点击By.xpath: //*[@id="app"]/div/div/div[3]/form/div[3]/div/button
2020-09-25 13:38:55,443 INFO main [util.driver.SeleniumDrive]info(line:34)点击By.xpath: //*[@id="app"]/div/div[1]/div[2]/ul/li[3]/div/span
2020-09-25 13:38:56,007 INFO main [util.driver.SeleniumDrive]info(line:34)点击By.xpath: html[1]/body[1]/div[2]/ul[1]/li[13]
2020-09-25 13:38:56,698 INFO main [util.driver.SeleniumDrive]info(line:34)点击By.xpath: //*[@id="app"]/div/div[2]/div[2]/div[2]/div[1]/div[3]/table/tbody/tr[8]/td[9]/div/div/div[2]
2020-09-25 13:38:57,302 INFO main [util.driver.SeleniumDrive]info(line:34)点击By.xpath: //*[@id="app"]/div/div[2]/div[2]/div[2]/div[2]/form/div[2]/div/button
2020-09-25 13:38:57,862 INFO main [util.driver.SeleniumDrive]info(line:34)点击By.xpath: //*[@id="app"]/div/div[2]/div[2]/div[2]/div[2]/div[2]/div[2]/div[2]/div[2]/div[1]/div
2020-09-25 13:40:12,818 INFO main [util.driver.SeleniumDrive]info(line:34)输入文本：superAdmin
2020-09-25 13:40:12,918 INFO main [util.driver.SeleniumDrive]info(line:34)输入文本：123456
2020-09-25 13:40:12,971 INFO main [util.driver.SeleniumDrive]info(line:34)点击By.xpath: //*[@id="app"]/div/div/div[3]/form/div[3]/div/button
2020-09-25 13:40:14,017 INFO main [util.driver.SeleniumDrive]info(line:34)点击By.xpath: //*[@id="app"]/div/div[1]/div[2]/ul/li[3]/div/span
2020-09-25 13:40:14,681 INFO main [util.driver.SeleniumDrive]info(line:34)点击By.xpath: html[1]/body[1]/div[2]/ul[1]/li[13]
2020-09-25 13:40:15,313 INFO main [util.driver.SeleniumDrive]info(line:34)点击By.xpath: //*[@id="app"]/div/div[2]/div[2]/div[2]/div[1]/div[3]/table/tbody/tr[8]/td[9]/div/div/div[2]
2020-09-25 13:40:15,929 INFO main [util.driver.SeleniumDrive]info(line:34)点击By.xpath: //*[@id="app"]/div/div[2]/div[2]/div[2]/div[2]/form/div[2]/div/button
2020-09-25 13:40:16,495 INFO main [util.driver.SeleniumDrive]info(line:34)点击By.xpath: //*[@id="app"]/div/div[2]/div[2]/div[2]/div[2]/div[2]/div[2]/div[2]/div[2]/div[1]/div
2020-09-25 13:41:32,598 INFO main [util.driver.SeleniumDrive]info(line:34)输入文本：superAdmin
2020-09-25 13:41:32,694 INFO main [util.driver.SeleniumDrive]info(line:34)输入文本：123456
2020-09-25 13:41:32,744 INFO main [util.driver.SeleniumDrive]info(line:34)点击By.xpath: //*[@id="app"]/div/div/div[3]/form/div[3]/div/button
2020-09-25 13:41:33,809 INFO main [util.driver.SeleniumDrive]info(line:34)点击By.xpath: //*[@id="app"]/div/div[1]/div[2]/ul/li[3]/div/span
2020-09-25 13:41:34,377 INFO main [util.driver.SeleniumDrive]info(line:34)点击By.xpath: html[1]/body[1]/div[2]/ul[1]/li[13]
2020-09-25 13:41:35,104 INFO main [util.driver.SeleniumDrive]info(line:34)点击By.xpath: //*[@id="app"]/div/div[2]/div[2]/div[2]/div[1]/div[3]/table/tbody/tr[8]/td[9]/div/div/div[2]
2020-09-25 13:41:35,710 INFO main [util.driver.SeleniumDrive]info(line:34)点击By.xpath: //*[@id="app"]/div/div[2]/div[2]/div[2]/div[2]/form/div[2]/div/button
2020-09-25 13:41:36,273 INFO main [util.driver.SeleniumDrive]info(line:34)点击By.xpath: //*[@id="app"]/div/div[2]/div[2]/div[2]/div[2]/div[2]/div[2]/div[2]/div[2]/div[1]/div
2020-09-25 13:47:08,398 INFO main [util.driver.SeleniumDrive]info(line:34)输入文本：superAdmin
2020-09-25 13:47:08,508 INFO main [util.driver.SeleniumDrive]info(line:34)输入文本：123456
2020-09-25 13:47:08,558 INFO main [util.driver.SeleniumDrive]info(line:34)点击By.xpath: //*[@id="app"]/div/div/div[3]/form/div[3]/div/button
2020-09-25 13:47:09,598 INFO main [util.driver.SeleniumDrive]info(line:34)点击By.xpath: //*[@id="app"]/div/div[1]/div[2]/ul/li[3]/div/span
2020-09-25 13:47:10,159 INFO main [util.driver.SeleniumDrive]info(line:34)点击By.xpath: html[1]/body[1]/div[2]/ul[1]/li[13]
2020-09-25 13:47:10,786 INFO main [util.driver.SeleniumDrive]info(line:34)点击By.xpath: //*[@id="app"]/div/div[2]/div[2]/div[2]/div[1]/div[3]/table/tbody/tr[8]/td[9]/div/div/div[2]
2020-09-25 13:47:11,082 INFO main [util.driver.SeleniumDrive]info(line:34)点击By.xpath: //*[@id="app"]/div/div[2]/div[2]/div[2]/div[2]/form/div[2]/div/button
2020-09-25 13:47:11,533 INFO main [util.driver.SeleniumDrive]info(line:34)点击By.xpath: //*[@id="app"]/div/div[2]/div[2]/div[2]/div[2]/div[2]/div[2]/div[2]/div[2]/div[1]/div
2020-09-25 13:55:34,094 INFO main [util.driver.SeleniumDrive]info(line:34)输入文本：superAdmin
2020-09-25 13:55:34,189 INFO main [util.driver.SeleniumDrive]info(line:34)输入文本：123456
2020-09-25 13:55:34,234 INFO main [util.driver.SeleniumDrive]info(line:34)点击By.xpath: //*[@id="app"]/div/div/div[3]/form/div[3]/div/button
2020-09-25 13:55:35,277 INFO main [util.driver.SeleniumDrive]info(line:34)点击By.xpath: //*[@id="app"]/div/div[1]/div[2]/ul/li[3]/div/span
2020-09-25 13:55:35,965 INFO main [util.driver.SeleniumDrive]info(line:34)点击By.xpath: html[1]/body[1]/div[2]/ul[1]/li[13]
2020-09-25 13:55:36,584 INFO main [util.driver.SeleniumDrive]info(line:34)点击By.xpath: //*[@id="app"]/div/div[2]/div[2]/div[2]/div[1]/div[3]/table/tbody/tr[8]/td[9]/div/div/div[2]
2020-09-25 13:55:37,375 INFO main [util.driver.SeleniumDrive]info(line:34)点击By.xpath: //*[@id="app"]/div/div[2]/div[2]/div[2]/div[2]/form/div[2]/div/button
2020-09-25 13:55:37,939 INFO main [util.driver.SeleniumDrive]info(line:34)点击By.xpath: //*[@id="app"]/div/div[2]/div[2]/div[2]/div[2]/div[2]/div[2]/div[2]/div[2]/div[1]/div
2020-09-25 13:57:49,251 INFO main [util.driver.SeleniumDrive]info(line:34)输入文本：superAdmin
2020-09-25 13:57:49,343 INFO main [util.driver.SeleniumDrive]info(line:34)输入文本：123456
2020-09-25 13:57:49,392 INFO main [util.driver.SeleniumDrive]info(line:34)点击By.xpath: //*[@id="app"]/div/div/div[3]/form/div[3]/div/button
2020-09-25 13:57:50,446 INFO main [util.driver.SeleniumDrive]info(line:34)点击By.xpath: //*[@id="app"]/div/div[1]/div[2]/ul/li[3]/div/span
2020-09-25 13:57:51,006 INFO main [util.driver.SeleniumDrive]info(line:34)点击By.xpath: html[1]/body[1]/div[2]/ul[1]/li[13]
2020-09-25 13:57:51,627 INFO main [util.driver.SeleniumDrive]info(line:34)点击By.xpath: //*[@id="app"]/div/div[2]/div[2]/div[2]/div[1]/div[3]/table/tbody/tr[8]/td[9]/div/div/div[2]
2020-09-25 13:57:52,414 INFO main [util.driver.SeleniumDrive]info(line:34)点击By.xpath: //*[@id="app"]/div/div[2]/div[2]/div[2]/div[2]/form/div[2]/div/button
2020-09-25 13:57:52,974 INFO main [util.driver.SeleniumDrive]info(line:34)点击By.xpath: //*[@id="app"]/div/div[2]/div[2]/div[2]/div[2]/div[2]/div[2]/div[2]/div[2]/div[1]/div
2020-09-25 14:04:43,565 INFO main [util.driver.SeleniumDrive]info(line:34)输入文本：superAdmin
2020-09-25 14:04:43,666 INFO main [util.driver.SeleniumDrive]info(line:34)输入文本：123456
2020-09-25 14:04:43,717 INFO main [util.driver.SeleniumDrive]info(line:34)点击By.xpath: //*[@id="app"]/div/div/div[3]/form/div[3]/div/button
2020-09-25 14:04:44,765 INFO main [util.driver.SeleniumDrive]info(line:34)点击By.xpath: //*[@id="app"]/div/div[1]/div[2]/ul/li[3]/div/span
2020-09-25 14:04:45,322 INFO main [util.driver.SeleniumDrive]info(line:34)点击By.xpath: html[1]/body[1]/div[2]/ul[1]/li[13]
2020-09-25 14:04:45,927 INFO main [util.driver.SeleniumDrive]info(line:34)点击By.xpath: //*[@id="app"]/div/div[2]/div[2]/div[2]/div[1]/div[3]/table/tbody/tr[8]/td[9]/div/div/div[2]
2020-09-25 14:04:46,531 INFO main [util.driver.SeleniumDrive]info(line:34)点击By.xpath: //*[@id="app"]/div/div[2]/div[2]/div[2]/div[2]/form/div[2]/div/button
2020-09-25 14:04:47,091 INFO main [util.driver.SeleniumDrive]info(line:34)点击By.xpath: //*[@id="app"]/div/div[2]/div[2]/div[2]/div[2]/div[2]/div[2]/div[2]/div[2]/div[1]/div
2020-09-25 14:07:15,502 INFO main [util.driver.SeleniumDrive]info(line:34)输入文本：superAdmin
2020-09-25 14:07:15,600 INFO main [util.driver.SeleniumDrive]info(line:34)输入文本：123456
2020-09-25 14:07:15,648 INFO main [util.driver.SeleniumDrive]info(line:34)点击By.xpath: //*[@id="app"]/div/div/div[3]/form/div[3]/div/button
2020-09-25 14:07:16,689 INFO main [util.driver.SeleniumDrive]info(line:34)点击By.xpath: //*[@id="app"]/div/div[1]/div[2]/ul/li[3]/div/span
2020-09-25 14:07:17,252 INFO main [util.driver.SeleniumDrive]info(line:34)点击By.xpath: html[1]/body[1]/div[2]/ul[1]/li[13]
2020-09-25 14:07:17,920 INFO main [util.driver.SeleniumDrive]info(line:34)点击By.xpath: //*[@id="app"]/div/div[2]/div[2]/div[2]/div[1]/div[3]/table/tbody/tr[8]/td[9]/div/div/div[2]
2020-09-25 14:07:18,521 INFO main [util.driver.SeleniumDrive]info(line:34)点击By.xpath: //*[@id="app"]/div/div[2]/div[2]/div[2]/div[2]/form/div[2]/div/button
2020-09-25 14:07:19,083 INFO main [util.driver.SeleniumDrive]info(line:34)点击By.xpath: //*[@id="app"]/div/div[2]/div[2]/div[2]/div[2]/div[2]/div[2]/div[2]/div[2]/div[1]/div
2020-09-25 14:07:55,909 INFO main [util.driver.SeleniumDrive]info(line:34)输入文本：superAdmin
2020-09-25 14:07:56,011 INFO main [util.driver.SeleniumDrive]info(line:34)输入文本：123456
2020-09-25 14:07:56,062 INFO main [util.driver.SeleniumDrive]info(line:34)点击By.xpath: //*[@id="app"]/div/div/div[3]/form/div[3]/div/button
2020-09-25 14:07:57,634 INFO main [util.driver.SeleniumDrive]info(line:34)点击By.xpath: //*[@id="app"]/div/div[1]/div[2]/ul/li[3]/div/span
2020-09-25 14:07:58,195 INFO main [util.driver.SeleniumDrive]info(line:34)点击By.xpath: html[1]/body[1]/div[2]/ul[1]/li[13]
2020-09-25 14:08:41,658 INFO main [util.driver.SeleniumDrive]info(line:34)输入文本：superAdmin
2020-09-25 14:08:41,759 INFO main [util.driver.SeleniumDrive]info(line:34)输入文本：123456
2020-09-25 14:08:41,811 INFO main [util.driver.SeleniumDrive]info(line:34)点击By.xpath: //*[@id="app"]/div/div/div[3]/form/div[3]/div/button
2020-09-25 14:08:43,363 INFO main [util.driver.SeleniumDrive]info(line:34)点击By.xpath: //*[@id="app"]/div/div[1]/div[2]/ul/li[3]/div/span
2020-09-25 14:08:43,924 INFO main [util.driver.SeleniumDrive]info(line:34)点击By.xpath: html[1]/body[1]/div[2]/ul[1]/li[13]
2020-09-25 14:08:44,634 INFO main [util.driver.SeleniumDrive]info(line:34)点击By.xpath: //*[@id="app"]/div/div[2]/div[2]/div[2]/div[1]/div[3]/table/tbody/tr[8]/td[9]/div/div/div[2]
2020-09-25 14:08:45,244 INFO main [util.driver.SeleniumDrive]info(line:34)点击By.xpath: //*[@id="app"]/div/div[2]/div[2]/div[2]/div[2]/form/div[2]/div/button
2020-09-25 14:08:45,822 INFO main [util.driver.SeleniumDrive]info(line:34)点击By.xpath: //*[@id="app"]/div/div[2]/div[2]/div[2]/div[2]/div[2]/div[2]/div[2]/div[2]/div[1]/div
2020-09-25 15:47:16,367 INFO main [util.driver.SeleniumDrive]info(line:34)输入文本：superAdmin
2020-09-25 15:47:16,463 INFO main [util.driver.SeleniumDrive]info(line:34)输入文本：123456
2020-09-25 15:47:16,512 INFO main [util.driver.SeleniumDrive]info(line:34)点击By.xpath: //*[@id="app"]/div/div/div[3]/form/div[3]/div/button
2020-09-25 15:47:17,555 INFO main [util.driver.SeleniumDrive]info(line:34)点击By.xpath: //*[@id="app"]/div/div[1]/div[2]/ul/li[3]/div/span
2020-09-25 15:47:18,116 INFO main [util.driver.SeleniumDrive]info(line:34)点击By.xpath: html[1]/body[1]/div[2]/ul[1]/li[6]
2020-09-25 15:47:18,839 INFO main [util.driver.SeleniumDrive]info(line:34)点击By.xpath: //*[@id="app"]/div/div[2]/div[2]/div[2]/div[1]/div[3]/table/tbody/tr[4]/td[7]/div/div/div[3]
2020-09-25 15:47:43,705 INFO main [util.driver.SeleniumDrive]info(line:34)输入文本：superAdmin
2020-09-25 15:47:43,796 INFO main [util.driver.SeleniumDrive]info(line:34)输入文本：123456
2020-09-25 15:47:43,846 INFO main [util.driver.SeleniumDrive]info(line:34)点击By.xpath: //*[@id="app"]/div/div/div[3]/form/div[3]/div/button
2020-09-25 15:47:44,892 INFO main [util.driver.SeleniumDrive]info(line:34)点击By.xpath: //*[@id="app"]/div/div[1]/div[2]/ul/li[3]/div/span
2020-09-25 15:47:45,452 INFO main [util.driver.SeleniumDrive]info(line:34)点击By.xpath: html[1]/body[1]/div[2]/ul[1]/li[6]
2020-09-25 15:47:46,599 INFO main [util.driver.SeleniumDrive]info(line:34)点击By.xpath: //*[@id="app"]/div/div[2]/div[2]/div[2]/div[1]/div[3]/table/tbody/tr[4]/td[7]/div/div/div[3]
2020-09-25 15:47:47,676 INFO main [util.driver.SeleniumDrive]info(line:34)点击By.xpath: //*[@id="app"]/div/div[2]/div[2]/div[3]/div/div/section/div/div[4]/button[2]/span
2020-09-25 15:48:50,033 INFO main [util.driver.SeleniumDrive]info(line:34)输入文本：superAdmin
2020-09-25 15:48:50,124 INFO main [util.driver.SeleniumDrive]info(line:34)输入文本：123456
2020-09-25 15:48:50,175 INFO main [util.driver.SeleniumDrive]info(line:34)点击By.xpath: //*[@id="app"]/div/div/div[3]/form/div[3]/div/button
2020-09-25 15:48:51,217 INFO main [util.driver.SeleniumDrive]info(line:34)点击By.xpath: //*[@id="app"]/div/div[1]/div[2]/ul/li[3]/div/span
2020-09-25 15:48:51,793 INFO main [util.driver.SeleniumDrive]info(line:34)点击By.xpath: html[1]/body[1]/div[2]/ul[1]/li[6]
2020-09-25 15:48:52,938 INFO main [util.driver.SeleniumDrive]info(line:34)点击By.xpath: //*[@id="app"]/div/div[2]/div[2]/div[2]/div[1]/div[3]/table/tbody/tr[4]/td[7]/div/div/div[3]
2020-09-25 15:48:54,016 INFO main [util.driver.SeleniumDrive]info(line:34)点击By.xpath: //*[@id="app"]/div/div[2]/div[2]/div[3]/div/div/section/div/div[4]/button[2]/span
2020-09-25 15:53:07,260 INFO main [util.driver.SeleniumDrive]info(line:34)输入文本：superAdmin
2020-09-25 15:53:07,349 INFO main [util.driver.SeleniumDrive]info(line:34)输入文本：123456
2020-09-25 15:53:07,399 INFO main [util.driver.SeleniumDrive]info(line:34)点击By.xpath: //*[@id="app"]/div/div/div[3]/form/div[3]/div/button
2020-09-25 15:53:08,441 INFO main [util.driver.SeleniumDrive]info(line:34)点击By.xpath: //*[@id="app"]/div/div[1]/div[2]/ul/li[3]/div/span
2020-09-25 15:53:09,001 INFO main [util.driver.SeleniumDrive]info(line:34)点击By.xpath: html[1]/body[1]/div[2]/ul[1]/li[6]
2020-09-25 15:53:10,148 INFO main [util.driver.SeleniumDrive]info(line:34)点击By.xpath: //*[@id="app"]/div/div[2]/div[2]/div[2]/div[1]/div[3]/table/tbody/tr[4]/td[7]/div/div/div[3]
2020-09-25 15:53:34,020 INFO main [util.driver.SeleniumDrive]info(line:34)输入文本：superAdmin
2020-09-25 15:53:34,108 INFO main [util.driver.SeleniumDrive]info(line:34)输入文本：123456
2020-09-25 15:53:34,159 INFO main [util.driver.SeleniumDrive]info(line:34)点击By.xpath: //*[@id="app"]/div/div/div[3]/form/div[3]/div/button
2020-09-25 15:53:35,214 INFO main [util.driver.SeleniumDrive]info(line:34)点击By.xpath: //*[@id="app"]/div/div[1]/div[2]/ul/li[3]/div/span
2020-09-25 15:53:35,783 INFO main [util.driver.SeleniumDrive]info(line:34)点击By.xpath: html[1]/body[1]/div[2]/ul[1]/li[6]
2020-09-25 15:53:36,923 INFO main [util.driver.SeleniumDrive]info(line:34)点击By.xpath: //*[@id="app"]/div/div[2]/div[2]/div[2]/div[1]/div[3]/table/tbody/tr[4]/td[7]/div/div/div[3]
2020-09-25 15:54:30,864 INFO main [util.driver.SeleniumDrive]info(line:34)输入文本：superAdmin
2020-09-25 15:54:30,952 INFO main [util.driver.SeleniumDrive]info(line:34)输入文本：123456
2020-09-25 15:54:31,002 INFO main [util.driver.SeleniumDrive]info(line:34)点击By.xpath: //*[@id="app"]/div/div/div[3]/form/div[3]/div/button
2020-09-25 15:54:32,045 INFO main [util.driver.SeleniumDrive]info(line:34)点击By.xpath: //*[@id="app"]/div/div[1]/div[2]/ul/li[3]/div/span
2020-09-25 15:54:32,605 INFO main [util.driver.SeleniumDrive]info(line:34)点击By.xpath: html[1]/body[1]/div[2]/ul[1]/li[6]
2020-09-25 15:54:33,750 INFO main [util.driver.SeleniumDrive]info(line:34)点击By.xpath: //*[@id="app"]/div/div[2]/div[2]/div[2]/div[1]/div[3]/table/tbody/tr[4]/td[7]/div/div/div[3]
2020-09-25 15:54:34,840 INFO main [util.driver.SeleniumDrive]info(line:34)点击By.xpath: //*[@id="app"]/div/div[2]/div[2]/div[3]/div/div/section/div/div[4]/button[2]/span
2020-09-25 15:57:38,944 INFO main [util.driver.SeleniumDrive]info(line:34)输入文本：superAdmin
2020-09-25 15:57:39,038 INFO main [util.driver.SeleniumDrive]info(line:34)输入文本：123456
2020-09-25 15:57:39,086 INFO main [util.driver.SeleniumDrive]info(line:34)点击By.xpath: //*[@id="app"]/div/div/div[3]/form/div[3]/div/button
2020-09-25 15:57:40,642 INFO main [util.driver.SeleniumDrive]info(line:34)点击By.xpath: //*[@id="app"]/div/div[1]/div[2]/ul/li[3]/div/span
2020-09-25 15:57:41,206 INFO main [util.driver.SeleniumDrive]info(line:34)点击By.xpath: html[1]/body[1]/div[2]/ul[1]/li[6]
2020-09-25 15:57:42,349 INFO main [util.driver.SeleniumDrive]info(line:34)点击By.xpath: //*[@id="app"]/div/div[2]/div[2]/div[2]/div[1]/div[3]/table/tbody/tr[4]/td[7]/div/div/div[3]
2020-09-25 15:57:43,429 INFO main [util.driver.SeleniumDrive]info(line:34)点击By.xpath: //*[@id="app"]/div/div[2]/div[2]/div[3]/div/div/section/div/div[4]/button[2]/span
2020-09-25 15:57:43,513 INFO main [util.driver.SeleniumDrive]info(line:34)点击By.xpath: //*[@id="app"]/div/div[2]/div[2]/div[3]/div/div/section/div/div[3]/div[3]/form/div/div/div/div[1]/input
2020-09-25 15:58:31,962 INFO main [util.driver.SeleniumDrive]info(line:34)输入文本：superAdmin
2020-09-25 15:58:32,056 INFO main [util.driver.SeleniumDrive]info(line:34)输入文本：123456
2020-09-25 15:58:32,108 INFO main [util.driver.SeleniumDrive]info(line:34)点击By.xpath: //*[@id="app"]/div/div/div[3]/form/div[3]/div/button
2020-09-25 15:58:33,150 INFO main [util.driver.SeleniumDrive]info(line:34)点击By.xpath: //*[@id="app"]/div/div[1]/div[2]/ul/li[3]/div/span
2020-09-25 15:58:33,711 INFO main [util.driver.SeleniumDrive]info(line:34)点击By.xpath: html[1]/body[1]/div[2]/ul[1]/li[6]
2020-09-25 15:58:34,857 INFO main [util.driver.SeleniumDrive]info(line:34)点击By.xpath: //*[@id="app"]/div/div[2]/div[2]/div[2]/div[1]/div[3]/table/tbody/tr[4]/td[7]/div/div/div[3]
2020-09-25 15:58:35,940 INFO main [util.driver.SeleniumDrive]info(line:34)点击By.xpath: //*[@id="app"]/div/div[2]/div[2]/div[3]/div/div/section/div/div[4]/button[2]/span
2020-09-25 15:58:36,028 INFO main [util.driver.SeleniumDrive]info(line:34)点击By.xpath: //*[@id="app"]/div/div[2]/div[2]/div[3]/div/div/section/div/div[3]/div[3]/form/div/div/div/div[1]/input
2020-09-25 16:04:59,380 INFO main [util.driver.SeleniumDrive]info(line:34)输入文本：superAdmin
2020-09-25 16:04:59,472 INFO main [util.driver.SeleniumDrive]info(line:34)输入文本：123456
2020-09-25 16:04:59,520 INFO main [util.driver.SeleniumDrive]info(line:34)点击By.xpath: //*[@id="app"]/div/div/div[3]/form/div[3]/div/button
2020-09-25 16:05:00,563 INFO main [util.driver.SeleniumDrive]info(line:34)点击By.xpath: //*[@id="app"]/div/div[1]/div[2]/ul/li[3]/div/span
2020-09-25 16:05:01,125 INFO main [util.driver.SeleniumDrive]info(line:34)点击By.xpath: html[1]/body[1]/div[2]/ul[1]/li[6]
2020-09-25 16:05:02,271 INFO main [util.driver.SeleniumDrive]info(line:34)点击By.xpath: //*[@id="app"]/div/div[2]/div[2]/div[2]/div[1]/div[3]/table/tbody/tr[4]/td[7]/div/div/div[3]
2020-09-25 16:05:03,348 INFO main [util.driver.SeleniumDrive]info(line:34)点击By.xpath: //*[@id="app"]/div/div[2]/div[2]/div[3]/div/div/section/div/div[4]/button[2]/span
2020-09-25 16:05:03,430 INFO main [util.driver.SeleniumDrive]info(line:34)点击By.xpath: //*[@id="app"]/div/div[2]/div[2]/div[3]/div/div/section/div/div[3]/div[3]/form/div/div/div/div[1]/input
2020-09-25 16:05:30,933 INFO main [util.driver.SeleniumDrive]info(line:34)输入文本：superAdmin
2020-09-25 16:05:31,026 INFO main [util.driver.SeleniumDrive]info(line:34)输入文本：123456
2020-09-25 16:05:31,075 INFO main [util.driver.SeleniumDrive]info(line:34)点击By.xpath: //*[@id="app"]/div/div/div[3]/form/div[3]/div/button
2020-09-25 16:05:32,117 INFO main [util.driver.SeleniumDrive]info(line:34)点击By.xpath: //*[@id="app"]/div/div[1]/div[2]/ul/li[3]/div/span
2020-09-25 16:05:32,693 INFO main [util.driver.SeleniumDrive]info(line:34)点击By.xpath: html[1]/body[1]/div[2]/ul[1]/li[6]
2020-09-25 16:05:33,842 INFO main [util.driver.SeleniumDrive]info(line:34)点击By.xpath: //*[@id="app"]/div/div[2]/div[2]/div[2]/div[1]/div[3]/table/tbody/tr[4]/td[7]/div/div/div[3]
2020-09-25 16:05:34,935 INFO main [util.driver.SeleniumDrive]info(line:34)点击By.xpath: //*[@id="app"]/div/div[2]/div[2]/div[3]/div/div/section/div/div[4]/button[2]/span
2020-09-25 16:05:35,027 INFO main [util.driver.SeleniumDrive]info(line:34)点击By.xpath: //*[@id="app"]/div/div[2]/div[2]/div[3]/div/div/section/div/div[3]/div[3]/form/div/div/div/div[1]/input
2020-09-25 16:05:37,106 INFO main [util.driver.SeleniumDrive]info(line:34)点击By.xpath: /html/body/div[4]/div[1]/div[1]/ul/li[111]
2020-09-25 16:08:53,508 INFO main [util.driver.SeleniumDrive]info(line:34)输入文本：superAdmin
2020-09-25 16:08:53,606 INFO main [util.driver.SeleniumDrive]info(line:34)输入文本：123456
2020-09-25 16:08:53,659 INFO main [util.driver.SeleniumDrive]info(line:34)点击By.xpath: //*[@id="app"]/div/div/div[3]/form/div[3]/div/button
2020-09-25 16:08:54,701 INFO main [util.driver.SeleniumDrive]info(line:34)点击By.xpath: //*[@id="app"]/div/div[1]/div[2]/ul/li[3]/div/span
2020-09-25 16:08:55,264 INFO main [util.driver.SeleniumDrive]info(line:34)点击By.xpath: html[1]/body[1]/div[2]/ul[1]/li[6]
2020-09-25 16:08:56,413 INFO main [util.driver.SeleniumDrive]info(line:34)点击By.xpath: //*[@id="app"]/div/div[2]/div[2]/div[2]/div[1]/div[3]/table/tbody/tr[4]/td[7]/div/div/div[3]
2020-09-25 16:08:57,496 INFO main [util.driver.SeleniumDrive]info(line:34)点击By.xpath: //*[@id="app"]/div/div[2]/div[2]/div[3]/div/div/section/div/div[4]/button[2]/span
2020-09-25 16:08:57,584 INFO main [util.driver.SeleniumDrive]info(line:34)点击By.xpath: //*[@id="app"]/div/div[2]/div[2]/div[3]/div/div/section/div/div[3]/div[3]/form/div/div/div/div[1]/input
2020-09-25 16:08:59,658 INFO main [util.driver.SeleniumDrive]info(line:34)点击By.xpath: /html/body/div[4]/div[1]/div[1]/ul/li[111]
2020-09-25 16:09:38,888 INFO main [util.driver.SeleniumDrive]info(line:34)输入文本：superAdmin
2020-09-25 16:09:38,986 INFO main [util.driver.SeleniumDrive]info(line:34)输入文本：123456
2020-09-25 16:09:39,035 INFO main [util.driver.SeleniumDrive]info(line:34)点击By.xpath: //*[@id="app"]/div/div/div[3]/form/div[3]/div/button
2020-09-25 16:09:40,085 INFO main [util.driver.SeleniumDrive]info(line:34)点击By.xpath: //*[@id="app"]/div/div[1]/div[2]/ul/li[3]/div/span
2020-09-25 16:09:48,327 INFO main [util.driver.SeleniumDrive]info(line:34)点击By.xpath: html[1]/body[1]/div[2]/ul[1]/li[6]
2020-09-25 16:09:49,485 INFO main [util.driver.SeleniumDrive]info(line:34)点击By.xpath: //*[@id="app"]/div/div[2]/div[2]/div[2]/div[1]/div[3]/table/tbody/tr[4]/td[7]/div/div/div[3]
2020-09-25 16:09:50,574 INFO main [util.driver.SeleniumDrive]info(line:34)点击By.xpath: //*[@id="app"]/div/div[2]/div[2]/div[3]/div/div/section/div/div[4]/button[2]/span
2020-09-25 16:09:50,662 INFO main [util.driver.SeleniumDrive]info(line:34)点击By.xpath: //*[@id="app"]/div/div[2]/div[2]/div[3]/div/div/section/div/div[3]/div[3]/form/div/div/div/div[1]/input
2020-09-25 16:09:52,749 INFO main [util.driver.SeleniumDrive]info(line:34)点击By.xpath: /html/body/div[4]/div[1]/div[1]/ul/li[111]
2020-09-25 16:52:13,246 INFO main [util.driver.SeleniumDrive]info(line:34)输入文本：superAdmin
2020-09-25 16:52:13,339 INFO main [util.driver.SeleniumDrive]info(line:34)输入文本：123456
2020-09-25 16:52:13,387 INFO main [util.driver.SeleniumDrive]info(line:34)点击By.xpath: //*[@id="app"]/div/div/div[3]/form/div[3]/div/button
2020-09-25 16:52:14,432 INFO main [util.driver.SeleniumDrive]info(line:34)点击By.xpath: //*[@id="app"]/div/div[1]/div[2]/ul/li[3]/div/span
2020-09-25 16:52:14,992 INFO main [util.driver.SeleniumDrive]info(line:34)点击By.xpath: html[1]/body[1]/div[2]/ul[1]/li[6]
2020-09-25 16:52:16,146 INFO main [util.driver.SeleniumDrive]info(line:34)点击By.xpath: //*[@id="app"]/div/div[2]/div[2]/div[2]/div[1]/div[3]/table/tbody/tr[4]/td[7]/div/div/div[3]
2020-09-25 16:52:17,225 INFO main [util.driver.SeleniumDrive]info(line:34)点击By.xpath: //*[@id="app"]/div/div[2]/div[2]/div[3]/div/div/section/div/div[4]/button[2]/span
2020-09-25 16:52:17,310 INFO main [util.driver.SeleniumDrive]info(line:34)点击By.xpath: //*[@id="app"]/div/div[2]/div[2]/div[3]/div/div/section/div/div[3]/div[3]/form/div/div/div/div[1]/input
2020-09-25 16:52:19,389 INFO main [util.driver.SeleniumDrive]info(line:34)点击By.xpath: /html/body/div[4]/div[1]/div[1]/ul/li[111]
2020-09-25 16:52:59,610 INFO main [util.driver.SeleniumDrive]info(line:34)输入文本：superAdmin
2020-09-25 16:52:59,706 INFO main [util.driver.SeleniumDrive]info(line:34)输入文本：123456
2020-09-25 16:52:59,755 INFO main [util.driver.SeleniumDrive]info(line:34)点击By.xpath: //*[@id="app"]/div/div/div[3]/form/div[3]/div/button
2020-09-25 16:53:00,805 INFO main [util.driver.SeleniumDrive]info(line:34)点击By.xpath: //*[@id="app"]/div/div[1]/div[2]/ul/li[3]/div/span
2020-09-25 16:53:01,374 INFO main [util.driver.SeleniumDrive]info(line:34)点击By.xpath: html[1]/body[1]/div[2]/ul[1]/li[13]
2020-09-25 16:53:02,170 INFO main [util.driver.SeleniumDrive]info(line:34)点击By.xpath: //*[@id="app"]/div/div[2]/div[2]/div[2]/div[1]/div[3]/table/tbody/tr[8]/td[9]/div/div/div[2]
2020-09-25 16:53:02,770 INFO main [util.driver.SeleniumDrive]info(line:34)点击By.xpath: //*[@id="app"]/div/div[2]/div[2]/div[2]/div[2]/form/div[2]/div/button
2020-09-25 16:53:03,336 INFO main [util.driver.SeleniumDrive]info(line:34)点击By.xpath: //*[@id="app"]/div/div[2]/div[2]/div[2]/div[2]/div[2]/div[2]/div[2]/div[2]/div[1]/div
2020-09-25 16:54:35,650 INFO main [util.driver.SeleniumDrive]info(line:34)输入文本：superAdmin
2020-09-25 16:54:35,743 INFO main [util.driver.SeleniumDrive]info(line:34)输入文本：123456
2020-09-25 16:54:35,795 INFO main [util.driver.SeleniumDrive]info(line:34)点击By.xpath: //*[@id="app"]/div/div/div[3]/form/div[3]/div/button
2020-09-25 16:54:36,837 INFO main [util.driver.SeleniumDrive]info(line:34)点击By.xpath: //*[@id="app"]/div/div[1]/div[2]/ul/li[3]/div/span
2020-09-25 16:54:37,488 INFO main [util.driver.SeleniumDrive]info(line:34)点击By.xpath: html[1]/body[1]/div[2]/ul[1]/li[13]
2020-09-25 16:54:38,096 INFO main [util.driver.SeleniumDrive]info(line:34)点击By.xpath: //*[@id="app"]/div/div[2]/div[2]/div[2]/div[1]/div[3]/table/tbody/tr[8]/td[9]/div/div/div[2]
2020-09-25 16:54:38,704 INFO main [util.driver.SeleniumDrive]info(line:34)点击By.xpath: //*[@id="app"]/div/div[2]/div[2]/div[2]/div[2]/form/div[2]/div/button
2020-09-25 16:54:39,273 INFO main [util.driver.SeleniumDrive]info(line:34)点击By.xpath: //*[@id="app"]/div/div[2]/div[2]/div[2]/div[2]/div[2]/div[2]/div[2]/div[2]/div[1]/div
2020-09-25 16:55:30,857 INFO main [util.driver.SeleniumDrive]info(line:34)输入文本：superAdmin
2020-09-25 16:55:30,952 INFO main [util.driver.SeleniumDrive]info(line:34)输入文本：123456
2020-09-25 16:55:31,007 INFO main [util.driver.SeleniumDrive]info(line:34)点击By.xpath: //*[@id="app"]/div/div/div[3]/form/div[3]/div/button
2020-09-25 16:55:32,053 INFO main [util.driver.SeleniumDrive]info(line:34)点击By.xpath: //*[@id="app"]/div/div[1]/div[2]/ul/li[3]/div/span
2020-09-25 16:55:32,672 INFO main [util.driver.SeleniumDrive]info(line:34)点击By.xpath: html[1]/body[1]/div[2]/ul[1]/li[13]
2020-09-25 16:55:33,259 INFO main [util.driver.SeleniumDrive]info(line:34)点击By.xpath: //*[@id="app"]/div/div[2]/div[2]/div[2]/div[1]/div[3]/table/tbody/tr[8]/td[9]/div/div/div[2]
2020-09-25 16:55:34,053 INFO main [util.driver.SeleniumDrive]info(line:34)点击By.xpath: //*[@id="app"]/div/div[2]/div[2]/div[2]/div[2]/form/div[2]/div/button
2020-09-25 16:55:34,626 INFO main [util.driver.SeleniumDrive]info(line:34)点击By.xpath: //*[@id="app"]/div/div[2]/div[2]/div[2]/div[2]/div[2]/div[2]/div[2]/div[2]/div[1]/div
2020-09-25 16:57:05,193 INFO main [util.driver.SeleniumDrive]info(line:34)输入文本：superAdmin
2020-09-25 16:57:05,293 INFO main [util.driver.SeleniumDrive]info(line:34)输入文本：123456
2020-09-25 16:57:05,341 INFO main [util.driver.SeleniumDrive]info(line:34)点击By.xpath: //*[@id="app"]/div/div/div[3]/form/div[3]/div/button
2020-09-25 16:57:06,383 INFO main [util.driver.SeleniumDrive]info(line:34)点击By.xpath: //*[@id="app"]/div/div[1]/div[2]/ul/li[3]/div/span
2020-09-25 16:57:06,940 INFO main [util.driver.SeleniumDrive]info(line:34)点击By.xpath: html[1]/body[1]/div[2]/ul[1]/li[13]
2020-09-25 16:57:07,549 INFO main [util.driver.SeleniumDrive]info(line:34)点击By.xpath: //*[@id="app"]/div/div[2]/div[2]/div[2]/div[1]/div[3]/table/tbody/tr[8]/td[9]/div/div/div[2]
2020-09-25 16:57:08,153 INFO main [util.driver.SeleniumDrive]info(line:34)点击By.xpath: //*[@id="app"]/div/div[2]/div[2]/div[2]/div[2]/form/div[2]/div/button
2020-09-25 16:57:08,717 INFO main [util.driver.SeleniumDrive]info(line:34)点击By.xpath: //*[@id="app"]/div/div[2]/div[2]/div[2]/div[2]/div[2]/div[2]/div[2]/div[2]/div[1]/div
2020-09-25 16:58:17,294 INFO main [util.driver.SeleniumDrive]info(line:34)输入文本：superAdmin
2020-09-25 16:58:17,389 INFO main [util.driver.SeleniumDrive]info(line:34)输入文本：123456
2020-09-25 16:58:17,436 INFO main [util.driver.SeleniumDrive]info(line:34)点击By.xpath: //*[@id="app"]/div/div/div[3]/form/div[3]/div/button
2020-09-25 16:58:18,478 INFO main [util.driver.SeleniumDrive]info(line:34)点击By.xpath: //*[@id="app"]/div/div[1]/div[2]/ul/li[3]/div/span
2020-09-25 16:58:19,040 INFO main [util.driver.SeleniumDrive]info(line:34)点击By.xpath: html[1]/body[1]/div[2]/ul[1]/li[13]
2020-09-25 16:58:19,645 INFO main [util.driver.SeleniumDrive]info(line:34)点击By.xpath: //*[@id="app"]/div/div[2]/div[2]/div[2]/div[1]/div[3]/table/tbody/tr[8]/td[9]/div/div/div[2]
2020-09-25 16:58:20,441 INFO main [util.driver.SeleniumDrive]info(line:34)点击By.xpath: //*[@id="app"]/div/div[2]/div[2]/div[2]/div[2]/form/div[2]/div/button
2020-09-25 16:58:21,002 INFO main [util.driver.SeleniumDrive]info(line:34)点击By.xpath: //*[@id="app"]/div/div[2]/div[2]/div[2]/div[2]/div[2]/div[2]/div[2]/div[2]/div[1]/div
2020-09-25 17:05:47,168 INFO main [util.driver.SeleniumDrive]info(line:34)输入文本：superAdmin
2020-09-25 17:05:47,261 INFO main [util.driver.SeleniumDrive]info(line:34)输入文本：123456
2020-09-25 17:05:47,311 INFO main [util.driver.SeleniumDrive]info(line:34)点击By.xpath: //*[@id="app"]/div/div/div[3]/form/div[3]/div/button
2020-09-25 17:05:48,353 INFO main [util.driver.SeleniumDrive]info(line:34)点击By.xpath: //*[@id="app"]/div/div[1]/div[2]/ul/li[3]/div/span
2020-09-25 17:05:48,919 INFO main [util.driver.SeleniumDrive]info(line:34)点击By.xpath: html[1]/body[1]/div[2]/ul[1]/li[13]
2020-09-25 17:05:49,658 INFO main [util.driver.SeleniumDrive]info(line:34)点击By.xpath: //*[@id="app"]/div/div[2]/div[2]/div[2]/div[1]/div[3]/table/tbody/tr[8]/td[9]/div/div/div[2]
2020-09-25 17:05:50,253 INFO main [util.driver.SeleniumDrive]info(line:34)点击By.xpath: //*[@id="app"]/div/div[2]/div[2]/div[2]/div[2]/form/div[2]/div/button
2020-09-25 17:05:50,815 INFO main [util.driver.SeleniumDrive]info(line:34)点击By.xpath: //*[@id="app"]/div/div[2]/div[2]/div[2]/div[2]/div[2]/div[2]/div[2]/div[2]/div[1]/div
2020-09-25 17:07:54,154 INFO main [util.driver.SeleniumDrive]info(line:34)输入文本：superAdmin
2020-09-25 17:07:54,250 INFO main [util.driver.SeleniumDrive]info(line:34)输入文本：123456
2020-09-25 17:07:54,311 INFO main [util.driver.SeleniumDrive]info(line:34)点击By.xpath: //*[@id="app"]/div/div/div[3]/form/div[3]/div/button
2020-09-25 17:07:55,364 INFO main [util.driver.SeleniumDrive]info(line:34)点击By.xpath: //*[@id="app"]/div/div[1]/div[2]/ul/li[3]/div/span
2020-09-25 17:07:56,039 INFO main [util.driver.SeleniumDrive]info(line:34)点击By.xpath: html[1]/body[1]/div[2]/ul[1]/li[13]
2020-09-25 17:07:56,641 INFO main [util.driver.SeleniumDrive]info(line:34)点击By.xpath: //*[@id="app"]/div/div[2]/div[2]/div[2]/div[1]/div[3]/table/tbody/tr[8]/td[9]/div/div/div[2]
2020-09-25 17:07:57,254 INFO main [util.driver.SeleniumDrive]info(line:34)点击By.xpath: //*[@id="app"]/div/div[2]/div[2]/div[2]/div[2]/form/div[2]/div/button
2020-09-25 17:07:57,819 INFO main [util.driver.SeleniumDrive]info(line:34)点击By.xpath: //*[@id="app"]/div/div[2]/div[2]/div[2]/div[2]/div[2]/div[2]/div[2]/div[2]/div[1]/div
2020-09-26 09:07:43,725 INFO main [util.driver.SeleniumDrive]info(line:34)输入文本：superAdmin
2020-09-26 09:07:43,814 INFO main [util.driver.SeleniumDrive]info(line:34)输入文本：123456
2020-09-26 09:07:43,862 INFO main [util.driver.SeleniumDrive]info(line:34)点击By.xpath: //*[@id="app"]/div/div/div[3]/form/div[3]/div/button
2020-09-26 09:07:44,904 INFO main [util.driver.SeleniumDrive]info(line:34)点击By.xpath: //*[@id="app"]/div/div[1]/div[2]/ul/li[3]/div/span
2020-09-26 09:07:45,473 INFO main [util.driver.SeleniumDrive]info(line:34)点击By.xpath: html[1]/body[1]/div[2]/ul[1]/li[13]
2020-09-26 09:07:46,083 INFO main [util.driver.SeleniumDrive]info(line:34)点击By.xpath: //*[@id="app"]/div/div[2]/div[2]/div[2]/div[1]/div[3]/table/tbody/tr[8]/td[9]/div/div/div[2]
2020-09-26 09:07:46,688 INFO main [util.driver.SeleniumDrive]info(line:34)点击By.xpath: //*[@id="app"]/div/div[2]/div[2]/div[2]/div[2]/form/div[2]/div/button
2020-09-26 09:07:47,262 INFO main [util.driver.SeleniumDrive]info(line:34)点击By.xpath: //*[@id="app"]/div/div[2]/div[2]/div[2]/div[2]/div[2]/div[2]/div[2]/div[2]/div[1]/div
2020-09-26 09:08:26,726 INFO main [util.driver.SeleniumDrive]info(line:34)输入文本：superAdmin
2020-09-26 09:08:26,821 INFO main [util.driver.SeleniumDrive]info(line:34)输入文本：123456
2020-09-26 09:08:26,877 INFO main [util.driver.SeleniumDrive]info(line:34)点击By.xpath: //*[@id="app"]/div/div/div[3]/form/div[3]/div/button
2020-09-26 09:08:27,986 INFO main [util.driver.SeleniumDrive]info(line:34)点击By.xpath: //*[@id="app"]/div/div[1]/div[2]/ul/li[3]/div/span
2020-09-26 09:08:28,544 INFO main [util.driver.SeleniumDrive]info(line:34)点击By.xpath: html[1]/body[1]/div[2]/ul[1]/li[13]
2020-09-26 09:08:29,151 INFO main [util.driver.SeleniumDrive]info(line:34)点击By.xpath: //*[@id="app"]/div/div[2]/div[2]/div[2]/div[1]/div[3]/table/tbody/tr[8]/td[9]/div/div/div[2]
2020-09-26 09:08:29,933 INFO main [util.driver.SeleniumDrive]info(line:34)点击By.xpath: //*[@id="app"]/div/div[2]/div[2]/div[2]/div[2]/form/div[2]/div/button
2020-09-26 09:08:30,514 INFO main [util.driver.SeleniumDrive]info(line:34)点击By.xpath: //*[@id="app"]/div/div[2]/div[2]/div[2]/div[2]/div[2]/div[2]/div[2]/div[2]/div[1]/div
2020-09-26 09:09:54,346 INFO main [util.driver.SeleniumDrive]info(line:34)输入文本：superAdmin
2020-09-26 09:09:54,443 INFO main [util.driver.SeleniumDrive]info(line:34)输入文本：123456
2020-09-26 09:09:54,494 INFO main [util.driver.SeleniumDrive]info(line:34)点击By.xpath: //*[@id="app"]/div/div/div[3]/form/div[3]/div/button
2020-09-26 09:09:55,537 INFO main [util.driver.SeleniumDrive]info(line:34)点击By.xpath: //*[@id="app"]/div/div[1]/div[2]/ul/li[3]/div/span
2020-09-26 09:09:56,111 INFO main [util.driver.SeleniumDrive]info(line:34)点击By.xpath: html[1]/body[1]/div[2]/ul[1]/li[13]
2020-09-26 09:09:56,721 INFO main [util.driver.SeleniumDrive]info(line:34)点击By.xpath: //*[@id="app"]/div/div[2]/div[2]/div[2]/div[1]/div[3]/table/tbody/tr[8]/td[9]/div/div/div[2]
2020-09-26 09:09:57,031 INFO main [util.driver.SeleniumDrive]info(line:34)点击By.xpath: //*[@id="app"]/div/div[2]/div[2]/div[2]/div[2]/form/div[2]/div/button
2020-09-26 09:09:57,613 INFO main [util.driver.SeleniumDrive]info(line:34)点击By.xpath: //*[@id="app"]/div/div[2]/div[2]/div[2]/div[2]/div[2]/div[2]/div[2]/div[2]/div[1]/div
2020-09-26 09:10:56,106 INFO main [util.driver.SeleniumDrive]info(line:34)输入文本：superAdmin
2020-09-26 09:10:56,204 INFO main [util.driver.SeleniumDrive]info(line:34)输入文本：123456
2020-09-26 09:10:56,256 INFO main [util.driver.SeleniumDrive]info(line:34)点击By.xpath: //*[@id="app"]/div/div/div[3]/form/div[3]/div/button
2020-09-26 09:10:57,301 INFO main [util.driver.SeleniumDrive]info(line:34)点击By.xpath: //*[@id="app"]/div/div[1]/div[2]/ul/li[3]/div/span
2020-09-26 09:10:57,863 INFO main [util.driver.SeleniumDrive]info(line:34)点击By.xpath: html[1]/body[1]/div[2]/ul[1]/li[13]
2020-09-26 09:10:58,476 INFO main [util.driver.SeleniumDrive]info(line:34)点击By.xpath: //*[@id="app"]/div/div[2]/div[2]/div[2]/div[1]/div[3]/table/tbody/tr[8]/td[9]/div/div/div[2]
2020-09-26 09:10:59,253 INFO main [util.driver.SeleniumDrive]info(line:34)点击By.xpath: //*[@id="app"]/div/div[2]/div[2]/div[2]/div[2]/form/div[2]/div/button
2020-09-26 09:10:59,814 INFO main [util.driver.SeleniumDrive]info(line:34)点击By.xpath: //*[@id="app"]/div/div[2]/div[2]/div[2]/div[2]/div[2]/div[2]/div[2]/div[2]/div[1]/div
2020-09-26 09:11:56,330 INFO main [util.driver.SeleniumDrive]info(line:34)输入文本：superAdmin
2020-09-26 09:11:56,430 INFO main [util.driver.SeleniumDrive]info(line:34)输入文本：123456
2020-09-26 09:11:56,481 INFO main [util.driver.SeleniumDrive]info(line:34)点击By.xpath: //*[@id="app"]/div/div/div[3]/form/div[3]/div/button
2020-09-26 09:11:57,521 INFO main [util.driver.SeleniumDrive]info(line:34)点击By.xpath: //*[@id="app"]/div/div[1]/div[2]/ul/li[3]/div/span
2020-09-26 09:11:58,088 INFO main [util.driver.SeleniumDrive]info(line:34)点击By.xpath: html[1]/body[1]/div[2]/ul[1]/li[13]
2020-09-26 09:11:58,703 INFO main [util.driver.SeleniumDrive]info(line:34)点击By.xpath: //*[@id="app"]/div/div[2]/div[2]/div[2]/div[1]/div[3]/table/tbody/tr[8]/td[9]/div/div/div[2]
2020-09-26 09:11:59,021 INFO main [util.driver.SeleniumDrive]info(line:34)点击By.xpath: //*[@id="app"]/div/div[2]/div[2]/div[2]/div[2]/form/div[2]/div/button
2020-09-26 09:11:59,587 INFO main [util.driver.SeleniumDrive]info(line:34)点击By.xpath: //*[@id="app"]/div/div[2]/div[2]/div[2]/div[2]/div[2]/div[2]/div[2]/div[2]/div[1]/div
2020-09-26 09:55:06,507 INFO main [util.driver.SeleniumDrive]info(line:34)输入文本：superAdmin
2020-09-26 09:55:06,603 INFO main [util.driver.SeleniumDrive]info(line:34)输入文本：123456
2020-09-26 09:55:06,650 INFO main [util.driver.SeleniumDrive]info(line:34)点击By.xpath: //*[@id="app"]/div/div/div[3]/form/div[3]/div/button
2020-09-26 09:55:07,789 INFO main [util.driver.SeleniumDrive]info(line:34)点击By.xpath: //*[@id="app"]/div/div[1]/div[2]/ul/li[3]/div/span
2020-09-26 09:55:08,356 INFO main [util.driver.SeleniumDrive]info(line:34)点击By.xpath: html[1]/body[1]/div[2]/ul[1]/li[13]
2020-09-26 09:55:08,964 INFO main [util.driver.SeleniumDrive]info(line:34)点击By.xpath: //*[@id="app"]/div/div[2]/div[2]/div[2]/div[1]/div[3]/table/tbody/tr[8]/td[9]/div/div/div[2]
2020-09-26 09:55:09,810 INFO main [util.driver.SeleniumDrive]info(line:34)点击By.xpath: //*[@id="app"]/div/div[2]/div[2]/div[2]/div[2]/form/div[2]/div/button
2020-09-26 09:55:10,371 INFO main [util.driver.SeleniumDrive]info(line:34)点击By.xpath: //*[@id="app"]/div/div[2]/div[2]/div[2]/div[2]/div[2]/div[2]/div[2]/div[2]/div[1]/div
